#
# There is insufficient memory for the Java Runtime Environment to continue.
# Native memory allocation (malloc) failed to allocate 1167600 bytes for Chunk::new
# Possible reasons:
#   The system is out of physical RAM or swap space
#   The process is running with CompressedOops enabled, and the Java Heap may be blocking the growth of the native heap
# Possible solutions:
#   Reduce memory load on the system
#   Increase physical memory or swap space
#   Check if swap backing store is full
#   Decrease Java heap size (-Xmx/-Xms)
#   Decrease number of Java threads
#   Decrease Java thread stack sizes (-Xss)
#   Set larger code cache with -XX:ReservedCodeCacheSize=
#   JVM is running with Unscaled Compressed Oops mode in which the Java heap is
#     placed in the first 4GB address space. The Java Heap base address is the
#     maximum limit for the native heap growth. Please use -XX:HeapBaseMinAddress
#     to set the Java Heap base and to place the Java Heap above 4GB virtual address.
# This output file may be truncated or incomplete.
#
#  Out of Memory Error (arena.cpp:191), pid=34460, tid=38100
#
# JRE version: OpenJDK Runtime Environment Temurin-17.0.10+7 (17.0.10+7) (build 17.0.10+7)
# Java VM: OpenJDK 64-Bit Server VM Temurin-17.0.10+7 (17.0.10+7, mixed mode, tiered, compressed oops, compressed class ptrs, parallel gc, windows-amd64)
# No core dump will be written. Minidumps are not enabled by default on client versions of Windows
#

---------------  S U M M A R Y ------------

Command Line: --add-modules=ALL-SYSTEM --add-opens=java.base/java.util=ALL-UNNAMED --add-opens=java.base/java.lang=ALL-UNNAMED --add-opens=java.base/sun.nio.fs=ALL-UNNAMED -Declipse.application=org.eclipse.jdt.ls.core.id1 -Dosgi.bundles.defaultStartLevel=4 -Declipse.product=org.eclipse.jdt.ls.core.product -Djava.import.generatesMetadataFilesAtProjectRoot=false -DDetectVMInstallationsJob.disabled=true -Dfile.encoding=utf8 -XX:+UseParallelGC -XX:GCTimeRatio=4 -XX:AdaptiveSizePolicyWeight=90 -Dsun.zip.disableMemoryMapping=true -Xmx1G -Xms100m -Xlog:disable -javaagent:c:\Users\Thinkpad\.vscode\extensions\redhat.java-1.30.0-win32-x64\lombok\lombok-1.18.32.jar -XX:+HeapDumpOnOutOfMemoryError -XX:HeapDumpPath=c:\Users\Thinkpad\AppData\Roaming\Code\User\workspaceStorage\8391a54b911138c514773b4ce524f3e5\redhat.java -Daether.dependencyCollector.impl=bf c:\Users\Thinkpad\.vscode\extensions\redhat.java-1.30.0-win32-x64\server\plugins\org.eclipse.equinox.launcher_1.6.800.v20240330-1250.jar -configuration c:\Users\Thinkpad\AppData\Roaming\Code\User\globalStorage\redhat.java\1.30.0\config_win -data c:\Users\Thinkpad\AppData\Roaming\Code\User\workspaceStorage\8391a54b911138c514773b4ce524f3e5\redhat.java\jdt_ws --pipe=\\.\pipe\lsp-d8d8bd13578892497ccfb7eb6a9c4159-sock

Host: Intel(R) Core(TM) i7-8650U CPU @ 1.90GHz, 8 cores, 15G,  Windows 11 , 64 bit Build 22621 (10.0.22621.3527)
Time: Mon May 20 23:04:40 2024 SE Asia Standard Time elapsed time: 38.119433 seconds (0d 0h 0m 38s)

---------------  T H R E A D  ---------------

Current thread (0x000001cb210bb020):  JavaThread "C2 CompilerThread1" daemon [_thread_in_native, id=38100, stack(0x0000008ab7800000,0x0000008ab7900000)]


Current CompileTask:
C2:  38119 5911       4       org.eclipse.osgi.internal.loader.ModuleClassLoader::toString (80 bytes)

Stack: [0x0000008ab7800000,0x0000008ab7900000]
Native frames: (J=compiled Java code, j=interpreted, Vv=VM code, C=native code)
V  [jvm.dll+0x67d2c9]
V  [jvm.dll+0x834afa]
V  [jvm.dll+0x8365be]
V  [jvm.dll+0x836c23]
V  [jvm.dll+0x2477ff]
V  [jvm.dll+0xac514]
V  [jvm.dll+0xacb5c]
V  [jvm.dll+0x3667d7]
V  [jvm.dll+0x1bcf72]
V  [jvm.dll+0x21a049]
V  [jvm.dll+0x219311]
V  [jvm.dll+0x1a502d]
V  [jvm.dll+0x2290de]
V  [jvm.dll+0x2272ac]
V  [jvm.dll+0x7e9bb7]
V  [jvm.dll+0x7e3fba]
V  [jvm.dll+0x67c1b5]
C  [ucrtbase.dll+0x29333]
C  [KERNEL32.DLL+0x1257d]
C  [ntdll.dll+0x5aa48]


---------------  P R O C E S S  ---------------

Threads class SMR info:
_java_thread_list=0x000001cb21915670, length=38, elements={
0x000001cb06364300, 0x000001cb1a1e2020, 0x000001cb1a1e3310, 0x000001cb1a1edc80,
0x000001cb1a1ee550, 0x000001cb1f2c6de0, 0x000001cb1f2c8260, 0x000001cb1f2cd390,
0x000001cb1f2d2470, 0x000001cb1f2db550, 0x000001cb1f441290, 0x000001cb1f43ef20,
0x000001cb1f43ea10, 0x000001cb1f440d80, 0x000001cb1f43f430, 0x000001cb1f440870,
0x000001cb1f43dff0, 0x000001cb1f440360, 0x000001cb1f43e500, 0x000001cb1f43fe50,
0x000001cb207fb970, 0x000001cb207f7290, 0x000001cb210bb020, 0x000001cb207f4500,
0x000001cb207f5e50, 0x000001cb207f9600, 0x000001cb207fa530, 0x000001cb207fbe80,
0x000001cb207f6870, 0x000001cb207faa40, 0x000001cb207f6d80, 0x000001cb207f4a10,
0x000001cb207f77a0, 0x000001cb207f9b10, 0x000001cb207fb460, 0x000001cb207f8be0,
0x000001cb207f7cb0, 0x000001cb207f81c0
}

Java Threads: ( => current thread )
  0x000001cb06364300 JavaThread "main" [_thread_blocked, id=33492, stack(0x0000008ab5800000,0x0000008ab5900000)]
  0x000001cb1a1e2020 JavaThread "Reference Handler" daemon [_thread_blocked, id=10728, stack(0x0000008ab5b00000,0x0000008ab5c00000)]
  0x000001cb1a1e3310 JavaThread "Finalizer" daemon [_thread_blocked, id=40864, stack(0x0000008ab5c00000,0x0000008ab5d00000)]
  0x000001cb1a1edc80 JavaThread "Signal Dispatcher" daemon [_thread_blocked, id=43836, stack(0x0000008ab5d00000,0x0000008ab5e00000)]
  0x000001cb1a1ee550 JavaThread "Attach Listener" daemon [_thread_blocked, id=36124, stack(0x0000008ab5e00000,0x0000008ab5f00000)]
  0x000001cb1f2c6de0 JavaThread "Service Thread" daemon [_thread_blocked, id=39696, stack(0x0000008ab5f00000,0x0000008ab6000000)]
  0x000001cb1f2c8260 JavaThread "Monitor Deflation Thread" daemon [_thread_blocked, id=11404, stack(0x0000008ab6000000,0x0000008ab6100000)]
  0x000001cb1f2cd390 JavaThread "C2 CompilerThread0" daemon [_thread_in_native, id=32896, stack(0x0000008ab6100000,0x0000008ab6200000)]
  0x000001cb1f2d2470 JavaThread "C1 CompilerThread0" daemon [_thread_blocked, id=37536, stack(0x0000008ab6200000,0x0000008ab6300000)]
  0x000001cb1f2db550 JavaThread "Sweeper thread" daemon [_thread_blocked, id=12048, stack(0x0000008ab6300000,0x0000008ab6400000)]
  0x000001cb1f441290 JavaThread "Common-Cleaner" daemon [_thread_blocked, id=43956, stack(0x0000008ab6400000,0x0000008ab6500000)]
  0x000001cb1f43ef20 JavaThread "Notification Thread" daemon [_thread_blocked, id=42460, stack(0x0000008ab6500000,0x0000008ab6600000)]
  0x000001cb1f43ea10 JavaThread "Active Thread: Equinox Container: 0bcbdd89-e506-4592-991a-cdade87fb6da" [_thread_blocked, id=42208, stack(0x0000008ab6d00000,0x0000008ab6e00000)]
  0x000001cb1f440d80 JavaThread "Framework Event Dispatcher: Equinox Container: 0bcbdd89-e506-4592-991a-cdade87fb6da" daemon [_thread_blocked, id=2344, stack(0x0000008ab6e00000,0x0000008ab6f00000)]
  0x000001cb1f43f430 JavaThread "Start Level: Equinox Container: 0bcbdd89-e506-4592-991a-cdade87fb6da" daemon [_thread_blocked, id=38480, stack(0x0000008ab7000000,0x0000008ab7100000)]
  0x000001cb1f440870 JavaThread "Bundle File Closer" daemon [_thread_blocked, id=43740, stack(0x0000008ab7100000,0x0000008ab7200000)]
  0x000001cb1f43dff0 JavaThread "SCR Component Actor" daemon [_thread_blocked, id=37700, stack(0x0000008ab7200000,0x0000008ab7300000)]
  0x000001cb1f440360 JavaThread "SCR Component Registry" daemon [_thread_blocked, id=27768, stack(0x0000008ab7300000,0x0000008ab7400000)]
  0x000001cb1f43e500 JavaThread "Worker-JM" [_thread_blocked, id=31028, stack(0x0000008ab7400000,0x0000008ab7500000)]
  0x000001cb1f43fe50 JavaThread "Worker-0" [_thread_blocked, id=4220, stack(0x0000008ab7500000,0x0000008ab7600000)]
  0x000001cb207fb970 JavaThread "Worker-1: Building" [_thread_in_Java, id=40012, stack(0x0000008ab7600000,0x0000008ab7700000)]
  0x000001cb207f7290 JavaThread "Worker-2: Repository registry initialization" [_thread_in_Java, id=8600, stack(0x0000008ab7700000,0x0000008ab7800000)]
=>0x000001cb210bb020 JavaThread "C2 CompilerThread1" daemon [_thread_in_native, id=38100, stack(0x0000008ab7800000,0x0000008ab7900000)]
  0x000001cb207f4500 JavaThread "Java indexing" daemon [_thread_blocked, id=22500, stack(0x0000008ab7900000,0x0000008ab7a00000)]
  0x000001cb207f5e50 JavaThread "Worker-3" [_thread_blocked, id=41668, stack(0x0000008ab7a00000,0x0000008ab7b00000)]
  0x000001cb207f9600 JavaThread "Worker-4" [_thread_blocked, id=39076, stack(0x0000008ab7b00000,0x0000008ab7c00000)]
  0x000001cb207fa530 JavaThread "JNA Cleaner" daemon [_thread_blocked, id=2708, stack(0x0000008ab7c00000,0x0000008ab7d00000)]
  0x000001cb207fbe80 JavaThread "pool-2-thread-1" [_thread_blocked, id=3000, stack(0x0000008ab7f00000,0x0000008ab8000000)]
  0x000001cb207f6870 JavaThread "Framework stop - Equinox Container: 0bcbdd89-e506-4592-991a-cdade87fb6da" [_thread_blocked, id=40136, stack(0x0000008ab8000000,0x0000008ab8100000)]
  0x000001cb207faa40 JavaThread "Compiler Source File Reader" daemon [_thread_blocked, id=39272, stack(0x0000008ab8100000,0x0000008ab8200000)]
  0x000001cb207f6d80 JavaThread "Compiler Source File Reader" daemon [_thread_blocked, id=41540, stack(0x0000008ab8200000,0x0000008ab8300000)]
  0x000001cb207f4a10 JavaThread "Compiler Source File Reader" daemon [_thread_blocked, id=28036, stack(0x0000008ab8300000,0x0000008ab8400000)]
  0x000001cb207f77a0 JavaThread "Compiler Source File Reader" daemon [_thread_blocked, id=43608, stack(0x0000008ab8400000,0x0000008ab8500000)]
  0x000001cb207f9b10 JavaThread "Compiler Source File Reader" daemon [_thread_blocked, id=37628, stack(0x0000008ab8500000,0x0000008ab8600000)]
  0x000001cb207fb460 JavaThread "Compiler Source File Reader" daemon [_thread_blocked, id=43428, stack(0x0000008ab8600000,0x0000008ab8700000)]
  0x000001cb207f8be0 JavaThread "Compiler Source File Reader" daemon [_thread_blocked, id=43184, stack(0x0000008ab8700000,0x0000008ab8800000)]
  0x000001cb207f7cb0 JavaThread "Compiler Source File Reader" daemon [_thread_blocked, id=36332, stack(0x0000008ab8800000,0x0000008ab8900000)]
  0x000001cb207f81c0 JavaThread "Compiler Source File Reader" daemon [_thread_blocked, id=27512, stack(0x0000008ab8900000,0x0000008ab8a00000)]

Other Threads:
  0x000001cb0640ea20 VMThread "VM Thread" [stack: 0x0000008ab5a00000,0x0000008ab5b00000] [id=42004]
  0x000001cb1f5d4fb0 WatcherThread [stack: 0x0000008ab6600000,0x0000008ab6700000] [id=36860]
  0x000001cb063775e0 GCTaskThread "GC Thread#0" [stack: 0x0000008ab5900000,0x0000008ab5a00000] [id=39964]
  0x000001cb20771300 GCTaskThread "GC Thread#1" [stack: 0x0000008ab6700000,0x0000008ab6800000] [id=31972]
  0x000001cb205a10c0 GCTaskThread "GC Thread#2" [stack: 0x0000008ab6800000,0x0000008ab6900000] [id=40644]
  0x000001cb205a0020 GCTaskThread "GC Thread#3" [stack: 0x0000008ab6900000,0x0000008ab6a00000] [id=34356]
  0x000001cb205a02e0 GCTaskThread "GC Thread#4" [stack: 0x0000008ab6a00000,0x0000008ab6b00000] [id=34832]
  0x000001cb205a05a0 GCTaskThread "GC Thread#5" [stack: 0x0000008ab6b00000,0x0000008ab6c00000] [id=16356]
  0x000001cb20b82030 GCTaskThread "GC Thread#6" [stack: 0x0000008ab6c00000,0x0000008ab6d00000] [id=33476]
  0x000001cb207ec4f0 GCTaskThread "GC Thread#7" [stack: 0x0000008ab6f00000,0x0000008ab7000000] [id=38044]

Threads with active compile tasks:
C2 CompilerThread0    38186 6156   !   4       org.eclipse.osgi.internal.loader.BundleLoader::findClass0 (470 bytes)
C2 CompilerThread1    38186 5911       4       org.eclipse.osgi.internal.loader.ModuleClassLoader::toString (80 bytes)

VM state: not at safepoint (normal execution)

VM Mutex/Monitor currently owned by a thread: None

Heap address: 0x00000000c0000000, size: 1024 MB, Compressed Oops mode: 32-bit

CDS archive(s) not mapped
Compressed class space mapped at: 0x0000000100000000-0x0000000140000000, reserved size: 1073741824
Narrow klass base: 0x0000000000000000, Narrow klass shift: 3, Narrow klass range: 0x140000000

GC Precious Log:
 CPUs: 8 total, 8 available
 Memory: 16217M
 Large Page Support: Disabled
 NUMA Support: Disabled
 Compressed Oops: Enabled (32-bit)
 Alignments: Space 512K, Generation 512K, Heap 2M
 Heap Min Capacity: 100M
 Heap Initial Capacity: 100M
 Heap Max Capacity: 1G
 Pre-touch: Disabled
 Parallel Workers: 8

Heap:
 PSYoungGen      total 24064K, used 2863K [0x00000000eab00000, 0x00000000ec400000, 0x0000000100000000)
  eden space 22016K, 9% used [0x00000000eab00000,0x00000000eacf3e00,0x00000000ec080000)
  from space 2048K, 42% used [0x00000000ec080000,0x00000000ec158000,0x00000000ec280000)
  to   space 1536K, 0% used [0x00000000ec280000,0x00000000ec280000,0x00000000ec400000)
 ParOldGen       total 68608K, used 31314K [0x00000000c0000000, 0x00000000c4300000, 0x00000000eab00000)
  object space 68608K, 45% used [0x00000000c0000000,0x00000000c1e94ad0,0x00000000c4300000)
 Metaspace       used 52936K, committed 53888K, reserved 1114112K
  class space    used 5600K, committed 6016K, reserved 1048576K

Card table byte_map: [0x000001cb05cf0000,0x000001cb05f00000] _byte_map_base: 0x000001cb056f0000

Marking Bits: (ParMarkBitMap*) 0x00007ffdfce4d7d0
 Begin Bits: [0x000001cb17ff0000, 0x000001cb18ff0000)
 End Bits:   [0x000001cb18ff0000, 0x000001cb19ff0000)

Polling page: 0x000001cb04270000

Metaspace:

Usage:
  Non-class:     46.23 MB used.
      Class:      5.47 MB used.
       Both:     51.70 MB used.

Virtual space:
  Non-class space:       64.00 MB reserved,      46.75 MB ( 73%) committed,  1 nodes.
      Class space:        1.00 GB reserved,       5.88 MB ( <1%) committed,  1 nodes.
             Both:        1.06 GB reserved,      52.62 MB (  5%) committed. 

Chunk freelists:
   Non-Class:  416.00 KB
       Class:  10.13 MB
        Both:  10.54 MB

MaxMetaspaceSize: unlimited
CompressedClassSpaceSize: 1.00 GB
Initial GC threshold: 21.00 MB
Current GC threshold: 58.38 MB
CDS: off
MetaspaceReclaimPolicy: balanced
 - commit_granule_bytes: 65536.
 - commit_granule_words: 8192.
 - virtual_space_node_default_size: 8388608.
 - enlarge_chunks_in_place: 1.
 - new_chunks_are_fully_committed: 0.
 - uncommit_free_chunks: 1.
 - use_allocation_guard: 0.
 - handle_deallocations: 1.


Internal statistics:

num_allocs_failed_limit: 6.
num_arena_births: 704.
num_arena_deaths: 14.
num_vsnodes_births: 2.
num_vsnodes_deaths: 0.
num_space_committed: 842.
num_space_uncommitted: 0.
num_chunks_returned_to_freelist: 20.
num_chunks_taken_from_freelist: 2827.
num_chunk_merges: 11.
num_chunk_splits: 1687.
num_chunks_enlarged: 892.
num_inconsistent_stats: 0.

CodeHeap 'non-profiled nmethods': size=120000Kb used=2624Kb max_used=2624Kb free=117375Kb
 bounds [0x000001cb10ac0000, 0x000001cb10d60000, 0x000001cb17ff0000]
CodeHeap 'profiled nmethods': size=120000Kb used=10501Kb max_used=11488Kb free=109498Kb
 bounds [0x000001cb08ff0000, 0x000001cb09b30000, 0x000001cb10520000]
CodeHeap 'non-nmethods': size=5760Kb used=1296Kb max_used=1381Kb free=4463Kb
 bounds [0x000001cb10520000, 0x000001cb10790000, 0x000001cb10ac0000]
 total_blobs=6020 nmethods=5389 adapters=544
 compilation: enabled
              stopped_count=0, restarted_count=0
 full_count=0

Compilation events (20 events):
Event: 38.105 Thread 0x000001cb1f2d2470 nmethod 6217 0x000001cb090bcc10 code [0x000001cb090bcee0, 0x000001cb090bda18]
Event: 38.105 Thread 0x000001cb1f2d2470 6220       3       com.google.inject.internal.asm.$Attribute::computeAttributesSize (62 bytes)
Event: 38.105 Thread 0x000001cb1f2d2470 nmethod 6220 0x000001cb09453a90 code [0x000001cb09453c60, 0x000001cb09453f88]
Event: 38.105 Thread 0x000001cb1f2d2470 6221       3       com.google.inject.internal.asm.$AnnotationWriter::computeAnnotationsSize (66 bytes)
Event: 38.106 Thread 0x000001cb1f2d2470 nmethod 6221 0x000001cb09453390 code [0x000001cb09453560, 0x000001cb09453898]
Event: 38.106 Thread 0x000001cb1f2d2470 6222       3       com.google.inject.internal.asm.$Attribute::putAttributes (78 bytes)
Event: 38.107 Thread 0x000001cb1f2d2470 nmethod 6222 0x000001cb09452910 code [0x000001cb09452b60, 0x000001cb09453098]
Event: 38.107 Thread 0x000001cb1f2d2470 6219       3       com.google.inject.internal.asm.$ClassWriter::visitMethod (57 bytes)
Event: 38.108 Thread 0x000001cb1f2d2470 nmethod 6219 0x000001cb09452390 code [0x000001cb09452540, 0x000001cb094527c8]
Event: 38.108 Thread 0x000001cb1f2d2470 6218       3       java.lang.invoke.MethodType::isConvertibleTo (164 bytes)
Event: 38.109 Thread 0x000001cb1f2d2470 nmethod 6218 0x000001cb09113f90 code [0x000001cb091141e0, 0x000001cb09114b68]
Event: 38.110 Thread 0x000001cb1f2d2470 6223       3       com.google.inject.internal.asm.$ByteVector::enlarge (51 bytes)
Event: 38.110 Thread 0x000001cb1f2d2470 nmethod 6223 0x000001cb09451d90 code [0x000001cb09451f40, 0x000001cb09452228]
Event: 38.112 Thread 0x000001cb1f2d2470 6224       3       com.google.inject.internal.aop.ClassBuilding::signature (57 bytes)
Event: 38.113 Thread 0x000001cb1f2d2470 nmethod 6224 0x000001cb09113310 code [0x000001cb09113540, 0x000001cb09113c58]
Event: 38.114 Thread 0x000001cb1f2d2470 6225       3       com.google.inject.internal.asm.$Label::put (83 bytes)
Event: 38.114 Thread 0x000001cb1f2d2470 nmethod 6225 0x000001cb09451590 code [0x000001cb094517a0, 0x000001cb09451bd8]
Event: 38.114 Thread 0x000001cb1f2d2470 6226       3       com.google.inject.internal.asm.$Label::addForwardReference (102 bytes)
Event: 38.115 Thread 0x000001cb1f2d2470 nmethod 6226 0x000001cb09112b10 code [0x000001cb09112cc0, 0x000001cb09113148]
Event: 38.115 Thread 0x000001cb1f2d2470 6227       3       com.google.inject.internal.asm.$MethodWriter::visitFrame (811 bytes)

GC Heap History (20 events):
Event: 34.808 GC heap before
{Heap before GC invocations=15 (full 2):
 PSYoungGen      total 24064K, used 23694K [0x00000000eab00000, 0x00000000ec680000, 0x0000000100000000)
  eden space 22528K, 99% used [0x00000000eab00000,0x00000000ec0ffff0,0x00000000ec100000)
  from space 1536K, 75% used [0x00000000ec500000,0x00000000ec623bb8,0x00000000ec680000)
  to   space 1536K, 0% used [0x00000000ec380000,0x00000000ec380000,0x00000000ec500000)
 ParOldGen       total 68608K, used 15945K [0x00000000c0000000, 0x00000000c4300000, 0x00000000eab00000)
  object space 68608K, 23% used [0x00000000c0000000,0x00000000c0f92420,0x00000000c4300000)
 Metaspace       used 41119K, committed 42112K, reserved 1114112K
  class space    used 4168K, committed 4608K, reserved 1048576K
}
Event: 34.814 GC heap after
{Heap after GC invocations=15 (full 2):
 PSYoungGen      total 23552K, used 1257K [0x00000000eab00000, 0x00000000ec580000, 0x0000000100000000)
  eden space 22016K, 0% used [0x00000000eab00000,0x00000000eab00000,0x00000000ec080000)
  from space 1536K, 81% used [0x00000000ec380000,0x00000000ec4ba4a0,0x00000000ec500000)
  to   space 512K, 0% used [0x00000000ec500000,0x00000000ec500000,0x00000000ec580000)
 ParOldGen       total 68608K, used 16941K [0x00000000c0000000, 0x00000000c4300000, 0x00000000eab00000)
  object space 68608K, 24% used [0x00000000c0000000,0x00000000c108b7d0,0x00000000c4300000)
 Metaspace       used 41119K, committed 42112K, reserved 1114112K
  class space    used 4168K, committed 4608K, reserved 1048576K
}
Event: 35.170 GC heap before
{Heap before GC invocations=16 (full 2):
 PSYoungGen      total 23552K, used 23273K [0x00000000eab00000, 0x00000000ec580000, 0x0000000100000000)
  eden space 22016K, 100% used [0x00000000eab00000,0x00000000ec080000,0x00000000ec080000)
  from space 1536K, 81% used [0x00000000ec380000,0x00000000ec4ba4a0,0x00000000ec500000)
  to   space 512K, 0% used [0x00000000ec500000,0x00000000ec500000,0x00000000ec580000)
 ParOldGen       total 68608K, used 16941K [0x00000000c0000000, 0x00000000c4300000, 0x00000000eab00000)
  object space 68608K, 24% used [0x00000000c0000000,0x00000000c108b7d0,0x00000000c4300000)
 Metaspace       used 42812K, committed 43712K, reserved 1114112K
  class space    used 4371K, committed 4800K, reserved 1048576K
}
Event: 35.174 GC heap after
{Heap after GC invocations=16 (full 2):
 PSYoungGen      total 22528K, used 506K [0x00000000eab00000, 0x00000000ec580000, 0x0000000100000000)
  eden space 22016K, 0% used [0x00000000eab00000,0x00000000eab00000,0x00000000ec080000)
  from space 512K, 98% used [0x00000000ec500000,0x00000000ec57e8b8,0x00000000ec580000)
  to   space 2560K, 0% used [0x00000000ec080000,0x00000000ec080000,0x00000000ec300000)
 ParOldGen       total 68608K, used 18732K [0x00000000c0000000, 0x00000000c4300000, 0x00000000eab00000)
  object space 68608K, 27% used [0x00000000c0000000,0x00000000c124b0c0,0x00000000c4300000)
 Metaspace       used 42812K, committed 43712K, reserved 1114112K
  class space    used 4371K, committed 4800K, reserved 1048576K
}
Event: 35.425 GC heap before
{Heap before GC invocations=17 (full 2):
 PSYoungGen      total 22528K, used 22522K [0x00000000eab00000, 0x00000000ec580000, 0x0000000100000000)
  eden space 22016K, 100% used [0x00000000eab00000,0x00000000ec080000,0x00000000ec080000)
  from space 512K, 98% used [0x00000000ec500000,0x00000000ec57e8b8,0x00000000ec580000)
  to   space 2560K, 0% used [0x00000000ec080000,0x00000000ec080000,0x00000000ec300000)
 ParOldGen       total 68608K, used 18732K [0x00000000c0000000, 0x00000000c4300000, 0x00000000eab00000)
  object space 68608K, 27% used [0x00000000c0000000,0x00000000c124b0c0,0x00000000c4300000)
 Metaspace       used 43487K, committed 44416K, reserved 1114112K
  class space    used 4456K, committed 4864K, reserved 1048576K
}
Event: 35.434 GC heap after
{Heap after GC invocations=17 (full 2):
 PSYoungGen      total 24576K, used 1856K [0x00000000eab00000, 0x00000000ec580000, 0x0000000100000000)
  eden space 22016K, 0% used [0x00000000eab00000,0x00000000eab00000,0x00000000ec080000)
  from space 2560K, 72% used [0x00000000ec080000,0x00000000ec250010,0x00000000ec300000)
  to   space 2048K, 0% used [0x00000000ec380000,0x00000000ec380000,0x00000000ec580000)
 ParOldGen       total 68608K, used 19230K [0x00000000c0000000, 0x00000000c4300000, 0x00000000eab00000)
  object space 68608K, 28% used [0x00000000c0000000,0x00000000c12c7980,0x00000000c4300000)
 Metaspace       used 43487K, committed 44416K, reserved 1114112K
  class space    used 4456K, committed 4864K, reserved 1048576K
}
Event: 35.640 GC heap before
{Heap before GC invocations=18 (full 2):
 PSYoungGen      total 24576K, used 23872K [0x00000000eab00000, 0x00000000ec580000, 0x0000000100000000)
  eden space 22016K, 100% used [0x00000000eab00000,0x00000000ec080000,0x00000000ec080000)
  from space 2560K, 72% used [0x00000000ec080000,0x00000000ec250010,0x00000000ec300000)
  to   space 2048K, 0% used [0x00000000ec380000,0x00000000ec380000,0x00000000ec580000)
 ParOldGen       total 68608K, used 19230K [0x00000000c0000000, 0x00000000c4300000, 0x00000000eab00000)
  object space 68608K, 28% used [0x00000000c0000000,0x00000000c12c7980,0x00000000c4300000)
 Metaspace       used 43899K, committed 44928K, reserved 1114112K
  class space    used 4502K, committed 4928K, reserved 1048576K
}
Event: 35.644 GC heap after
{Heap after GC invocations=18 (full 2):
 PSYoungGen      total 24064K, used 1824K [0x00000000eab00000, 0x00000000ec580000, 0x0000000100000000)
  eden space 22016K, 0% used [0x00000000eab00000,0x00000000eab00000,0x00000000ec080000)
  from space 2048K, 89% used [0x00000000ec380000,0x00000000ec548000,0x00000000ec580000)
  to   space 2048K, 0% used [0x00000000ec180000,0x00000000ec180000,0x00000000ec380000)
 ParOldGen       total 68608K, used 20934K [0x00000000c0000000, 0x00000000c4300000, 0x00000000eab00000)
  object space 68608K, 30% used [0x00000000c0000000,0x00000000c1471990,0x00000000c4300000)
 Metaspace       used 43899K, committed 44928K, reserved 1114112K
  class space    used 4502K, committed 4928K, reserved 1048576K
}
Event: 35.833 GC heap before
{Heap before GC invocations=19 (full 2):
 PSYoungGen      total 24064K, used 23840K [0x00000000eab00000, 0x00000000ec580000, 0x0000000100000000)
  eden space 22016K, 100% used [0x00000000eab00000,0x00000000ec080000,0x00000000ec080000)
  from space 2048K, 89% used [0x00000000ec380000,0x00000000ec548000,0x00000000ec580000)
  to   space 2048K, 0% used [0x00000000ec180000,0x00000000ec180000,0x00000000ec380000)
 ParOldGen       total 68608K, used 20934K [0x00000000c0000000, 0x00000000c4300000, 0x00000000eab00000)
  object space 68608K, 30% used [0x00000000c0000000,0x00000000c1471990,0x00000000c4300000)
 Metaspace       used 44416K, committed 45376K, reserved 1114112K
  class space    used 4573K, committed 4992K, reserved 1048576K
}
Event: 35.837 GC heap after
{Heap after GC invocations=19 (full 2):
 PSYoungGen      total 24064K, used 2016K [0x00000000eab00000, 0x00000000ec880000, 0x0000000100000000)
  eden space 22016K, 0% used [0x00000000eab00000,0x00000000eab00000,0x00000000ec080000)
  from space 2048K, 98% used [0x00000000ec180000,0x00000000ec378010,0x00000000ec380000)
  to   space 4096K, 0% used [0x00000000ec480000,0x00000000ec480000,0x00000000ec880000)
 ParOldGen       total 68608K, used 22622K [0x00000000c0000000, 0x00000000c4300000, 0x00000000eab00000)
  object space 68608K, 32% used [0x00000000c0000000,0x00000000c1617990,0x00000000c4300000)
 Metaspace       used 44416K, committed 45376K, reserved 1114112K
  class space    used 4573K, committed 4992K, reserved 1048576K
}
Event: 35.975 GC heap before
{Heap before GC invocations=20 (full 2):
 PSYoungGen      total 24064K, used 24032K [0x00000000eab00000, 0x00000000ec880000, 0x0000000100000000)
  eden space 22016K, 100% used [0x00000000eab00000,0x00000000ec080000,0x00000000ec080000)
  from space 2048K, 98% used [0x00000000ec180000,0x00000000ec378010,0x00000000ec380000)
  to   space 4096K, 0% used [0x00000000ec480000,0x00000000ec480000,0x00000000ec880000)
 ParOldGen       total 68608K, used 22622K [0x00000000c0000000, 0x00000000c4300000, 0x00000000eab00000)
  object space 68608K, 32% used [0x00000000c0000000,0x00000000c1617990,0x00000000c4300000)
 Metaspace       used 44628K, committed 45568K, reserved 1114112K
  class space    used 4600K, committed 4992K, reserved 1048576K
}
Event: 35.984 GC heap after
{Heap after GC invocations=20 (full 2):
 PSYoungGen      total 24576K, used 2272K [0x00000000eab00000, 0x00000000ec700000, 0x0000000100000000)
  eden space 22016K, 0% used [0x00000000eab00000,0x00000000eab00000,0x00000000ec080000)
  from space 2560K, 88% used [0x00000000ec480000,0x00000000ec6b8000,0x00000000ec700000)
  to   space 3072K, 0% used [0x00000000ec100000,0x00000000ec100000,0x00000000ec400000)
 ParOldGen       total 68608K, used 24581K [0x00000000c0000000, 0x00000000c4300000, 0x00000000eab00000)
  object space 68608K, 35% used [0x00000000c0000000,0x00000000c1801560,0x00000000c4300000)
 Metaspace       used 44628K, committed 45568K, reserved 1114112K
  class space    used 4600K, committed 4992K, reserved 1048576K
}
Event: 36.135 GC heap before
{Heap before GC invocations=21 (full 2):
 PSYoungGen      total 24576K, used 24288K [0x00000000eab00000, 0x00000000ec700000, 0x0000000100000000)
  eden space 22016K, 100% used [0x00000000eab00000,0x00000000ec080000,0x00000000ec080000)
  from space 2560K, 88% used [0x00000000ec480000,0x00000000ec6b8000,0x00000000ec700000)
  to   space 3072K, 0% used [0x00000000ec100000,0x00000000ec100000,0x00000000ec400000)
 ParOldGen       total 68608K, used 24581K [0x00000000c0000000, 0x00000000c4300000, 0x00000000eab00000)
  object space 68608K, 35% used [0x00000000c0000000,0x00000000c1801560,0x00000000c4300000)
 Metaspace       used 45044K, committed 45952K, reserved 1114112K
  class space    used 4645K, committed 5056K, reserved 1048576K
}
Event: 36.141 GC heap after
{Heap after GC invocations=21 (full 2):
 PSYoungGen      total 24576K, used 2112K [0x00000000eab00000, 0x00000000ec580000, 0x0000000100000000)
  eden space 22016K, 0% used [0x00000000eab00000,0x00000000eab00000,0x00000000ec080000)
  from space 2560K, 82% used [0x00000000ec100000,0x00000000ec310010,0x00000000ec380000)
  to   space 2048K, 0% used [0x00000000ec380000,0x00000000ec380000,0x00000000ec580000)
 ParOldGen       total 68608K, used 26725K [0x00000000c0000000, 0x00000000c4300000, 0x00000000eab00000)
  object space 68608K, 38% used [0x00000000c0000000,0x00000000c1a19560,0x00000000c4300000)
 Metaspace       used 45044K, committed 45952K, reserved 1114112K
  class space    used 4645K, committed 5056K, reserved 1048576K
}
Event: 36.539 GC heap before
{Heap before GC invocations=22 (full 2):
 PSYoungGen      total 24576K, used 24128K [0x00000000eab00000, 0x00000000ec580000, 0x0000000100000000)
  eden space 22016K, 100% used [0x00000000eab00000,0x00000000ec080000,0x00000000ec080000)
  from space 2560K, 82% used [0x00000000ec100000,0x00000000ec310010,0x00000000ec380000)
  to   space 2048K, 0% used [0x00000000ec380000,0x00000000ec380000,0x00000000ec580000)
 ParOldGen       total 68608K, used 26725K [0x00000000c0000000, 0x00000000c4300000, 0x00000000eab00000)
  object space 68608K, 38% used [0x00000000c0000000,0x00000000c1a19560,0x00000000c4300000)
 Metaspace       used 47067K, committed 48000K, reserved 1114112K
  class space    used 4863K, committed 5248K, reserved 1048576K
}
Event: 36.542 GC heap after
{Heap after GC invocations=22 (full 2):
 PSYoungGen      total 23552K, used 1088K [0x00000000eab00000, 0x00000000ec500000, 0x0000000100000000)
  eden space 22016K, 0% used [0x00000000eab00000,0x00000000eab00000,0x00000000ec080000)
  from space 1536K, 70% used [0x00000000ec380000,0x00000000ec490000,0x00000000ec500000)
  to   space 1536K, 0% used [0x00000000ec200000,0x00000000ec200000,0x00000000ec380000)
 ParOldGen       total 68608K, used 28685K [0x00000000c0000000, 0x00000000c4300000, 0x00000000eab00000)
  object space 68608K, 41% used [0x00000000c0000000,0x00000000c1c03570,0x00000000c4300000)
 Metaspace       used 47067K, committed 48000K, reserved 1114112K
  class space    used 4863K, committed 5248K, reserved 1048576K
}
Event: 37.189 GC heap before
{Heap before GC invocations=23 (full 2):
 PSYoungGen      total 23552K, used 23104K [0x00000000eab00000, 0x00000000ec500000, 0x0000000100000000)
  eden space 22016K, 100% used [0x00000000eab00000,0x00000000ec080000,0x00000000ec080000)
  from space 1536K, 70% used [0x00000000ec380000,0x00000000ec490000,0x00000000ec500000)
  to   space 1536K, 0% used [0x00000000ec200000,0x00000000ec200000,0x00000000ec380000)
 ParOldGen       total 68608K, used 28685K [0x00000000c0000000, 0x00000000c4300000, 0x00000000eab00000)
  object space 68608K, 41% used [0x00000000c0000000,0x00000000c1c03570,0x00000000c4300000)
 Metaspace       used 49430K, committed 50368K, reserved 1114112K
  class space    used 5161K, committed 5568K, reserved 1048576K
}
Event: 37.195 GC heap after
{Heap after GC invocations=23 (full 2):
 PSYoungGen      total 23552K, used 1176K [0x00000000eab00000, 0x00000000ec400000, 0x0000000100000000)
  eden space 22016K, 0% used [0x00000000eab00000,0x00000000eab00000,0x00000000ec080000)
  from space 1536K, 76% used [0x00000000ec200000,0x00000000ec326208,0x00000000ec380000)
  to   space 512K, 0% used [0x00000000ec380000,0x00000000ec380000,0x00000000ec400000)
 ParOldGen       total 68608K, used 29640K [0x00000000c0000000, 0x00000000c4300000, 0x00000000eab00000)
  object space 68608K, 43% used [0x00000000c0000000,0x00000000c1cf2270,0x00000000c4300000)
 Metaspace       used 49430K, committed 50368K, reserved 1114112K
  class space    used 5161K, committed 5568K, reserved 1048576K
}
Event: 37.686 GC heap before
{Heap before GC invocations=24 (full 2):
 PSYoungGen      total 23552K, used 23192K [0x00000000eab00000, 0x00000000ec400000, 0x0000000100000000)
  eden space 22016K, 100% used [0x00000000eab00000,0x00000000ec080000,0x00000000ec080000)
  from space 1536K, 76% used [0x00000000ec200000,0x00000000ec326208,0x00000000ec380000)
  to   space 512K, 0% used [0x00000000ec380000,0x00000000ec380000,0x00000000ec400000)
 ParOldGen       total 68608K, used 29640K [0x00000000c0000000, 0x00000000c4300000, 0x00000000eab00000)
  object space 68608K, 43% used [0x00000000c0000000,0x00000000c1cf2270,0x00000000c4300000)
 Metaspace       used 50954K, committed 51968K, reserved 1114112K
  class space    used 5355K, committed 5824K, reserved 1048576K
}
Event: 37.688 GC heap after
{Heap after GC invocations=24 (full 2):
 PSYoungGen      total 22528K, used 480K [0x00000000eab00000, 0x00000000ec480000, 0x0000000100000000)
  eden space 22016K, 0% used [0x00000000eab00000,0x00000000eab00000,0x00000000ec080000)
  from space 512K, 93% used [0x00000000ec380000,0x00000000ec3f8010,0x00000000ec400000)
  to   space 2048K, 0% used [0x00000000ec080000,0x00000000ec080000,0x00000000ec280000)
 ParOldGen       total 68608K, used 30902K [0x00000000c0000000, 0x00000000c4300000, 0x00000000eab00000)
  object space 68608K, 45% used [0x00000000c0000000,0x00000000c1e2dac0,0x00000000c4300000)
 Metaspace       used 50954K, committed 51968K, reserved 1114112K
  class space    used 5355K, committed 5824K, reserved 1048576K
}

Dll operation events (10 events):
Event: 0.016 Loaded shared library c:\Users\Thinkpad\.vscode\extensions\redhat.java-1.30.0-win32-x64\jre\17.0.10-win32-x86_64\bin\java.dll
Event: 0.297 Loaded shared library c:\Users\Thinkpad\.vscode\extensions\redhat.java-1.30.0-win32-x64\jre\17.0.10-win32-x86_64\bin\zip.dll
Event: 0.301 Loaded shared library C:\Users\Thinkpad\.vscode\extensions\redhat.java-1.30.0-win32-x64\jre\17.0.10-win32-x86_64\bin\instrument.dll
Event: 0.325 Loaded shared library C:\Users\Thinkpad\.vscode\extensions\redhat.java-1.30.0-win32-x64\jre\17.0.10-win32-x86_64\bin\net.dll
Event: 0.328 Loaded shared library C:\Users\Thinkpad\.vscode\extensions\redhat.java-1.30.0-win32-x64\jre\17.0.10-win32-x86_64\bin\nio.dll
Event: 0.339 Loaded shared library C:\Users\Thinkpad\.vscode\extensions\redhat.java-1.30.0-win32-x64\jre\17.0.10-win32-x86_64\bin\zip.dll
Event: 0.364 Loaded shared library C:\Users\Thinkpad\.vscode\extensions\redhat.java-1.30.0-win32-x64\jre\17.0.10-win32-x86_64\bin\jimage.dll
Event: 0.461 Loaded shared library c:\Users\Thinkpad\.vscode\extensions\redhat.java-1.30.0-win32-x64\jre\17.0.10-win32-x86_64\bin\verify.dll
Event: 10.803 Loaded shared library C:\Users\Thinkpad\AppData\Roaming\Code\User\globalStorage\redhat.java\1.30.0\config_win\org.eclipse.equinox.launcher\org.eclipse.equinox.launcher.win32.win32.x86_64_1.2.900.v20240213-1244\eclipse_11900.dll
Event: 34.757 Loaded shared library C:\Users\Thinkpad\AppData\Local\Temp\jna-1289228929\jna18298641517455526242.dll

Deoptimization events (20 events):
Event: 37.701 Thread 0x000001cb207f7290 DEOPT PACKING pc=0x000001cb10b40100 sp=0x0000008ab77fc9a0
Event: 37.701 Thread 0x000001cb207f7290 DEOPT UNPACKING pc=0x000001cb105766a3 sp=0x0000008ab77fc928 mode 2
Event: 37.911 Thread 0x000001cb207f7290 DEOPT PACKING pc=0x000001cb09999384 sp=0x0000008ab77fd630
Event: 37.911 Thread 0x000001cb207f7290 DEOPT UNPACKING pc=0x000001cb10576e43 sp=0x0000008ab77fcae8 mode 0
Event: 38.034 Thread 0x000001cb207f7290 Uncommon trap: trap_request=0xffffffd6 fr.pc=0x000001cb10d4ef60 relative=0x00000000000000c0
Event: 38.035 Thread 0x000001cb207f7290 Uncommon trap: reason=array_check action=maybe_recompile pc=0x000001cb10d4ef60 method=java.util.stream.Nodes$FixedNodeBuilder.accept(Ljava/lang/Object;)V @ 28 c2
Event: 38.035 Thread 0x000001cb207f7290 DEOPT PACKING pc=0x000001cb10d4ef60 sp=0x0000008ab77fd1d0
Event: 38.035 Thread 0x000001cb207f7290 DEOPT UNPACKING pc=0x000001cb105766a3 sp=0x0000008ab77fd160 mode 2
Event: 38.035 Thread 0x000001cb207f7290 Uncommon trap: trap_request=0xffffffd6 fr.pc=0x000001cb10d4ef60 relative=0x00000000000000c0
Event: 38.035 Thread 0x000001cb207f7290 Uncommon trap: reason=array_check action=maybe_recompile pc=0x000001cb10d4ef60 method=java.util.stream.Nodes$FixedNodeBuilder.accept(Ljava/lang/Object;)V @ 28 c2
Event: 38.035 Thread 0x000001cb207f7290 DEOPT PACKING pc=0x000001cb10d4ef60 sp=0x0000008ab77fd1b0
Event: 38.035 Thread 0x000001cb207f7290 DEOPT UNPACKING pc=0x000001cb105766a3 sp=0x0000008ab77fd140 mode 2
Event: 38.035 Thread 0x000001cb207f7290 Uncommon trap: trap_request=0xffffffd6 fr.pc=0x000001cb10d4ef60 relative=0x00000000000000c0
Event: 38.035 Thread 0x000001cb207f7290 Uncommon trap: reason=array_check action=maybe_recompile pc=0x000001cb10d4ef60 method=java.util.stream.Nodes$FixedNodeBuilder.accept(Ljava/lang/Object;)V @ 28 c2
Event: 38.035 Thread 0x000001cb207f7290 DEOPT PACKING pc=0x000001cb10d4ef60 sp=0x0000008ab77fd1b0
Event: 38.035 Thread 0x000001cb207f7290 DEOPT UNPACKING pc=0x000001cb105766a3 sp=0x0000008ab77fd140 mode 2
Event: 38.035 Thread 0x000001cb207f7290 Uncommon trap: trap_request=0xffffffd6 fr.pc=0x000001cb10d4ef60 relative=0x00000000000000c0
Event: 38.035 Thread 0x000001cb207f7290 Uncommon trap: reason=array_check action=maybe_recompile pc=0x000001cb10d4ef60 method=java.util.stream.Nodes$FixedNodeBuilder.accept(Ljava/lang/Object;)V @ 28 c2
Event: 38.035 Thread 0x000001cb207f7290 DEOPT PACKING pc=0x000001cb10d4ef60 sp=0x0000008ab77fd1b0
Event: 38.035 Thread 0x000001cb207f7290 DEOPT UNPACKING pc=0x000001cb105766a3 sp=0x0000008ab77fd140 mode 2

Classes unloaded (7 events):
Event: 30.742 Thread 0x000001cb0640ea20 Unloading class 0x0000000100252400 'java/lang/invoke/LambdaForm$MH+0x0000000100252400'
Event: 30.742 Thread 0x000001cb0640ea20 Unloading class 0x0000000100252000 'java/lang/invoke/LambdaForm$MH+0x0000000100252000'
Event: 30.742 Thread 0x000001cb0640ea20 Unloading class 0x0000000100251c00 'java/lang/invoke/LambdaForm$MH+0x0000000100251c00'
Event: 30.742 Thread 0x000001cb0640ea20 Unloading class 0x0000000100251800 'java/lang/invoke/LambdaForm$MH+0x0000000100251800'
Event: 30.742 Thread 0x000001cb0640ea20 Unloading class 0x0000000100251400 'java/lang/invoke/LambdaForm$BMH+0x0000000100251400'
Event: 30.742 Thread 0x000001cb0640ea20 Unloading class 0x0000000100251000 'java/lang/invoke/LambdaForm$DMH+0x0000000100251000'
Event: 30.742 Thread 0x000001cb0640ea20 Unloading class 0x000000010024c400 'java/lang/invoke/LambdaForm$DMH+0x000000010024c400'

Classes redefined (0 events):
No events

Internal exceptions (20 events):
Event: 36.904 Thread 0x000001cb207fb970 Exception <a 'sun/nio/fs/WindowsException'{0x00000000eb4c9d58}> (0x00000000eb4c9d58) 
thrown [s\src\hotspot\share\prims\jni.cpp, line 516]
Event: 36.906 Thread 0x000001cb207fb970 Exception <a 'sun/nio/fs/WindowsException'{0x00000000eb4cc1c8}> (0x00000000eb4cc1c8) 
thrown [s\src\hotspot\share\prims\jni.cpp, line 516]
Event: 36.907 Thread 0x000001cb207fb970 Exception <a 'sun/nio/fs/WindowsException'{0x00000000eb4cd1c8}> (0x00000000eb4cd1c8) 
thrown [s\src\hotspot\share\prims\jni.cpp, line 516]
Event: 36.914 Thread 0x000001cb207fb970 Exception <a 'sun/nio/fs/WindowsException'{0x00000000eb5ea5b8}> (0x00000000eb5ea5b8) 
thrown [s\src\hotspot\share\prims\jni.cpp, line 516]
Event: 36.917 Thread 0x000001cb207fb970 Exception <a 'sun/nio/fs/WindowsException'{0x00000000eb5eeae8}> (0x00000000eb5eeae8) 
thrown [s\src\hotspot\share\prims\jni.cpp, line 516]
Event: 36.921 Thread 0x000001cb207fb970 Exception <a 'sun/nio/fs/WindowsException'{0x00000000eb5f3680}> (0x00000000eb5f3680) 
thrown [s\src\hotspot\share\prims\jni.cpp, line 516]
Event: 36.925 Thread 0x000001cb207fb970 Exception <a 'sun/nio/fs/WindowsException'{0x00000000eb6029f0}> (0x00000000eb6029f0) 
thrown [s\src\hotspot\share\prims\jni.cpp, line 516]
Event: 36.930 Thread 0x000001cb207fb970 Exception <a 'sun/nio/fs/WindowsException'{0x00000000eb608668}> (0x00000000eb608668) 
thrown [s\src\hotspot\share\prims\jni.cpp, line 516]
Event: 36.933 Thread 0x000001cb207fb970 Exception <a 'sun/nio/fs/WindowsException'{0x00000000eb60eae0}> (0x00000000eb60eae0) 
thrown [s\src\hotspot\share\prims\jni.cpp, line 516]
Event: 36.936 Thread 0x000001cb207fb970 Exception <a 'sun/nio/fs/WindowsException'{0x00000000eb615948}> (0x00000000eb615948) 
thrown [s\src\hotspot\share\prims\jni.cpp, line 516]
Event: 36.940 Thread 0x000001cb207fb970 Exception <a 'sun/nio/fs/WindowsException'{0x00000000eb61ce80}> (0x00000000eb61ce80) 
thrown [s\src\hotspot\share\prims\jni.cpp, line 516]
Event: 36.943 Thread 0x000001cb207fb970 Exception <a 'sun/nio/fs/WindowsException'{0x00000000eb6238b0}> (0x00000000eb6238b0) 
thrown [s\src\hotspot\share\prims\jni.cpp, line 516]
Event: 36.949 Thread 0x000001cb207fb970 Exception <a 'sun/nio/fs/WindowsException'{0x00000000eb6daf18}> (0x00000000eb6daf18) 
thrown [s\src\hotspot\share\prims\jni.cpp, line 516]
Event: 36.952 Thread 0x000001cb207fb970 Exception <a 'sun/nio/fs/WindowsException'{0x00000000eb6e2250}> (0x00000000eb6e2250) 
thrown [s\src\hotspot\share\prims\jni.cpp, line 516]
Event: 36.956 Thread 0x000001cb207fb970 Exception <a 'sun/nio/fs/WindowsException'{0x00000000eb6e7e88}> (0x00000000eb6e7e88) 
thrown [s\src\hotspot\share\prims\jni.cpp, line 516]
Event: 37.633 Thread 0x000001cb207f7290 Exception <a 'java/lang/ExceptionInInitializerError'{0x00000000ebdcf5e8}> (0x00000000ebdcf5e8) 
thrown [s\src\hotspot\share\oops\instanceKlass.cpp, line 1218]
Event: 37.700 Thread 0x000001cb207f7290 Implicit null exception at 0x000001cb10bc5daf to 0x000001cb10bc5f58
Event: 37.701 Thread 0x000001cb207f7290 Implicit null exception at 0x000001cb10b3ece9 to 0x000001cb10b400e0
Event: 37.706 Thread 0x000001cb207f7290 Exception <a 'java/lang/NoSuchMethodError'{0x00000000eabef2b0}: 'java.lang.Object java.lang.invoke.Invokers$Holder.invokeExact_MT(java.lang.Object, int, java.lang.Object)'> (0x00000000eabef2b0) 
thrown [s\src\hotspot\share\interpreter\linkResolver.cpp, line 759]
Event: 37.724 Thread 0x000001cb207f7290 Exception <a 'java/lang/NoSuchMethodError'{0x00000000eaca9878}: 'int java.lang.invoke.DirectMethodHandle$Holder.invokeSpecial(java.lang.Object, java.lang.Object, java.lang.Object, java.lang.Object)'> (0x00000000eaca9878) 
thrown [s\src\hotspot\share\interpreter\linkResolver.cpp, line 759]

VM Operations (20 events):
Event: 36.301 Executing VM operation: HandshakeAllThreads
Event: 36.315 Executing VM operation: HandshakeAllThreads done
Event: 36.353 Executing VM operation: HandshakeAllThreads
Event: 36.353 Executing VM operation: HandshakeAllThreads done
Event: 36.539 Executing VM operation: ParallelGCFailedAllocation
Event: 36.542 Executing VM operation: ParallelGCFailedAllocation done
Event: 36.623 Executing VM operation: HandshakeAllThreads
Event: 36.623 Executing VM operation: HandshakeAllThreads done
Event: 36.623 Executing VM operation: HandshakeAllThreads
Event: 36.623 Executing VM operation: HandshakeAllThreads done
Event: 36.719 Executing VM operation: HandshakeAllThreads
Event: 36.727 Executing VM operation: HandshakeAllThreads done
Event: 37.189 Executing VM operation: ParallelGCFailedAllocation
Event: 37.196 Executing VM operation: ParallelGCFailedAllocation done
Event: 37.686 Executing VM operation: ParallelGCFailedAllocation
Event: 37.688 Executing VM operation: ParallelGCFailedAllocation done
Event: 37.779 Executing VM operation: HandshakeAllThreads
Event: 37.779 Executing VM operation: HandshakeAllThreads done
Event: 37.910 Executing VM operation: HandshakeAllThreads
Event: 37.910 Executing VM operation: HandshakeAllThreads done

Events (20 events):
Event: 37.062 loading class java/nio/channels/NetworkChannel done
Event: 37.062 loading class java/nio/channels/spi/AbstractSelectableChannel
Event: 37.063 loading class java/nio/channels/spi/AbstractSelectableChannel done
Event: 37.063 loading class java/nio/channels/SocketChannel done
Event: 37.064 loading class java/nio/channels/ServerSocketChannel
Event: 37.098 loading class java/nio/channels/ServerSocketChannel done
Event: 37.229 loading class sun/reflect/generics/repository/FieldRepository
Event: 37.229 loading class sun/reflect/generics/repository/FieldRepository done
Event: 37.431 loading class java/util/Vector$1
Event: 37.431 loading class java/util/Vector$1 done
Event: 37.702 loading class java/util/function/ToIntFunction
Event: 37.703 loading class java/util/function/ToIntFunction done
Event: 37.895 loading class java/util/Collections$UnmodifiableSortedSet
Event: 37.896 loading class java/util/Collections$UnmodifiableSortedSet done
Event: 37.909 loading class sun/reflect/generics/scope/MethodScope
Event: 37.909 loading class sun/reflect/generics/scope/MethodScope done
Event: 37.910 loading class sun/reflect/generics/repository/MethodRepository
Event: 37.910 loading class sun/reflect/generics/repository/MethodRepository done
Event: 38.006 loading class java/util/regex/Pattern$Caret
Event: 38.006 loading class java/util/regex/Pattern$Caret done


Dynamic libraries:
0x00007ff780110000 - 0x00007ff78011e000 	c:\Users\Thinkpad\.vscode\extensions\redhat.java-1.30.0-win32-x64\jre\17.0.10-win32-x86_64\bin\java.exe
0x00007ffe66870000 - 0x00007ffe66a87000 	C:\WINDOWS\SYSTEM32\ntdll.dll
0x00007ffe64eb0000 - 0x00007ffe64f74000 	C:\WINDOWS\System32\KERNEL32.DLL
0x00007ffe63c50000 - 0x00007ffe63ff7000 	C:\WINDOWS\System32\KERNELBASE.dll
0x00007ffe64000000 - 0x00007ffe64111000 	C:\WINDOWS\System32\ucrtbase.dll
0x00007ffe42b50000 - 0x00007ffe42b67000 	c:\Users\Thinkpad\.vscode\extensions\redhat.java-1.30.0-win32-x64\jre\17.0.10-win32-x86_64\bin\jli.dll
0x00007ffe652f0000 - 0x00007ffe6549e000 	C:\WINDOWS\System32\USER32.dll
0x00007ffe64570000 - 0x00007ffe64596000 	C:\WINDOWS\System32\win32u.dll
0x00007ffe66800000 - 0x00007ffe66829000 	C:\WINDOWS\System32\GDI32.dll
0x00007ffe64340000 - 0x00007ffe64459000 	C:\WINDOWS\System32\gdi32full.dll
0x00007ffe64460000 - 0x00007ffe644fa000 	C:\WINDOWS\System32\msvcp_win.dll
0x00007ffe44b30000 - 0x00007ffe44b4b000 	c:\Users\Thinkpad\.vscode\extensions\redhat.java-1.30.0-win32-x64\jre\17.0.10-win32-x86_64\bin\VCRUNTIME140.dll
0x00007ffe524c0000 - 0x00007ffe52753000 	C:\WINDOWS\WinSxS\amd64_microsoft.windows.common-controls_6595b64144ccf1df_6.0.22621.3527_none_270e469b73872a76\COMCTL32.dll
0x00007ffe65920000 - 0x00007ffe659c7000 	C:\WINDOWS\System32\msvcrt.dll
0x00007ffe647c0000 - 0x00007ffe647f1000 	C:\WINDOWS\System32\IMM32.DLL
0x00007ffe5d870000 - 0x00007ffe5d87c000 	c:\Users\Thinkpad\.vscode\extensions\redhat.java-1.30.0-win32-x64\jre\17.0.10-win32-x86_64\bin\vcruntime140_1.dll
0x00007ffe10d20000 - 0x00007ffe10dad000 	c:\Users\Thinkpad\.vscode\extensions\redhat.java-1.30.0-win32-x64\jre\17.0.10-win32-x86_64\bin\msvcp140.dll
0x00007ffdfc2b0000 - 0x00007ffdfcf12000 	c:\Users\Thinkpad\.vscode\extensions\redhat.java-1.30.0-win32-x64\jre\17.0.10-win32-x86_64\bin\server\jvm.dll
0x00007ffe64800000 - 0x00007ffe648b2000 	C:\WINDOWS\System32\ADVAPI32.dll
0x00007ffe64710000 - 0x00007ffe647b8000 	C:\WINDOWS\System32\sechost.dll
0x00007ffe64120000 - 0x00007ffe64148000 	C:\WINDOWS\System32\bcrypt.dll
0x00007ffe648c0000 - 0x00007ffe649d5000 	C:\WINDOWS\System32\RPCRT4.dll
0x00007ffe62a10000 - 0x00007ffe62a5d000 	C:\WINDOWS\SYSTEM32\POWRPROF.dll
0x00007ffe44ac0000 - 0x00007ffe44ac9000 	C:\WINDOWS\SYSTEM32\WSOCK32.dll
0x00007ffe5bb60000 - 0x00007ffe5bb94000 	C:\WINDOWS\SYSTEM32\WINMM.dll
0x00007ffe649e0000 - 0x00007ffe64a51000 	C:\WINDOWS\System32\WS2_32.dll
0x00007ffe5bdf0000 - 0x00007ffe5bdfa000 	C:\WINDOWS\SYSTEM32\VERSION.dll
0x00007ffe629f0000 - 0x00007ffe62a03000 	C:\WINDOWS\SYSTEM32\UMPDC.dll
0x00007ffe62ca0000 - 0x00007ffe62cb8000 	C:\WINDOWS\SYSTEM32\kernel.appcore.dll
0x00007ffe5a210000 - 0x00007ffe5a21a000 	c:\Users\Thinkpad\.vscode\extensions\redhat.java-1.30.0-win32-x64\jre\17.0.10-win32-x86_64\bin\jimage.dll
0x00007ffe61560000 - 0x00007ffe61792000 	C:\WINDOWS\SYSTEM32\DBGHELP.DLL
0x00007ffe659f0000 - 0x00007ffe65d78000 	C:\WINDOWS\System32\combase.dll
0x00007ffe64bf0000 - 0x00007ffe64cc7000 	C:\WINDOWS\System32\OLEAUT32.dll
0x00007ffe47fc0000 - 0x00007ffe47ff2000 	C:\WINDOWS\SYSTEM32\dbgcore.DLL
0x00007ffe64150000 - 0x00007ffe641c9000 	C:\WINDOWS\System32\bcryptPrimitives.dll
0x00007ffe5a1f0000 - 0x00007ffe5a1fe000 	c:\Users\Thinkpad\.vscode\extensions\redhat.java-1.30.0-win32-x64\jre\17.0.10-win32-x86_64\bin\instrument.dll
0x00007ffe38090000 - 0x00007ffe380b5000 	c:\Users\Thinkpad\.vscode\extensions\redhat.java-1.30.0-win32-x64\jre\17.0.10-win32-x86_64\bin\java.dll
0x00007ffe427a0000 - 0x00007ffe427b8000 	c:\Users\Thinkpad\.vscode\extensions\redhat.java-1.30.0-win32-x64\jre\17.0.10-win32-x86_64\bin\zip.dll
0x00007ffe65d80000 - 0x00007ffe665dc000 	C:\WINDOWS\System32\SHELL32.dll
0x00007ffe61ae0000 - 0x00007ffe623d6000 	C:\WINDOWS\SYSTEM32\windows.storage.dll
0x00007ffe619a0000 - 0x00007ffe61ade000 	C:\WINDOWS\SYSTEM32\wintypes.dll
0x00007ffe64f80000 - 0x00007ffe65075000 	C:\WINDOWS\System32\SHCORE.dll
0x00007ffe65080000 - 0x00007ffe650de000 	C:\WINDOWS\System32\shlwapi.dll
0x00007ffe63ac0000 - 0x00007ffe63ae1000 	C:\WINDOWS\SYSTEM32\profapi.dll
0x00007ffe3a1b0000 - 0x00007ffe3a1c9000 	C:\Users\Thinkpad\.vscode\extensions\redhat.java-1.30.0-win32-x64\jre\17.0.10-win32-x86_64\bin\net.dll
0x00007ffe60670000 - 0x00007ffe607a6000 	C:\WINDOWS\SYSTEM32\WINHTTP.dll
0x00007ffe63110000 - 0x00007ffe63179000 	C:\WINDOWS\system32\mswsock.dll
0x00007ffe38070000 - 0x00007ffe38086000 	C:\Users\Thinkpad\.vscode\extensions\redhat.java-1.30.0-win32-x64\jre\17.0.10-win32-x86_64\bin\nio.dll
0x00007ffe59d00000 - 0x00007ffe59d10000 	c:\Users\Thinkpad\.vscode\extensions\redhat.java-1.30.0-win32-x64\jre\17.0.10-win32-x86_64\bin\verify.dll
0x00007ffe36f20000 - 0x00007ffe36f5e000 	C:\Users\Thinkpad\AppData\Roaming\Code\User\globalStorage\redhat.java\1.30.0\config_win\org.eclipse.equinox.launcher\org.eclipse.equinox.launcher.win32.win32.x86_64_1.2.900.v20240213-1244\eclipse_11900.dll
0x00007ffe65140000 - 0x00007ffe652e5000 	C:\WINDOWS\System32\ole32.dll
0x00007ffe63370000 - 0x00007ffe6338b000 	C:\WINDOWS\SYSTEM32\CRYPTSP.dll
0x00007ffe62c00000 - 0x00007ffe62c35000 	C:\WINDOWS\system32\rsaenh.dll
0x00007ffe63210000 - 0x00007ffe63238000 	C:\WINDOWS\SYSTEM32\USERENV.dll
0x00007ffe63390000 - 0x00007ffe6339c000 	C:\WINDOWS\SYSTEM32\CRYPTBASE.dll
0x00007ffe626f0000 - 0x00007ffe6271d000 	C:\WINDOWS\SYSTEM32\IPHLPAPI.DLL
0x00007ffe645a0000 - 0x00007ffe645a9000 	C:\WINDOWS\System32\NSI.dll
0x00007ffe5cb10000 - 0x00007ffe5cb29000 	C:\WINDOWS\SYSTEM32\dhcpcsvc6.DLL
0x00007ffe5c9f0000 - 0x00007ffe5ca0f000 	C:\WINDOWS\SYSTEM32\dhcpcsvc.DLL
0x00007ffe62770000 - 0x00007ffe62868000 	C:\WINDOWS\SYSTEM32\DNSAPI.dll
0x00007ffe5bae0000 - 0x00007ffe5bb25000 	C:\Users\Thinkpad\AppData\Local\Temp\jna-1289228929\jna18298641517455526242.dll
0x00007ffe667f0000 - 0x00007ffe667f8000 	C:\WINDOWS\System32\PSAPI.DLL

dbghelp: loaded successfully - version: 4.0.5 - missing functions: none
symbol engine: initialized successfully - sym options: 0x614 - pdb path: .;c:\Users\Thinkpad\.vscode\extensions\redhat.java-1.30.0-win32-x64\jre\17.0.10-win32-x86_64\bin;C:\WINDOWS\SYSTEM32;C:\WINDOWS\WinSxS\amd64_microsoft.windows.common-controls_6595b64144ccf1df_6.0.22621.3527_none_270e469b73872a76;c:\Users\Thinkpad\.vscode\extensions\redhat.java-1.30.0-win32-x64\jre\17.0.10-win32-x86_64\bin\server;C:\Users\Thinkpad\AppData\Roaming\Code\User\globalStorage\redhat.java\1.30.0\config_win\org.eclipse.equinox.launcher\org.eclipse.equinox.launcher.win32.win32.x86_64_1.2.900.v20240213-1244;C:\Users\Thinkpad\AppData\Local\Temp\jna-1289228929

VM Arguments:
jvm_args: --add-modules=ALL-SYSTEM --add-opens=java.base/java.util=ALL-UNNAMED --add-opens=java.base/java.lang=ALL-UNNAMED --add-opens=java.base/sun.nio.fs=ALL-UNNAMED -Declipse.application=org.eclipse.jdt.ls.core.id1 -Dosgi.bundles.defaultStartLevel=4 -Declipse.product=org.eclipse.jdt.ls.core.product -Djava.import.generatesMetadataFilesAtProjectRoot=false -DDetectVMInstallationsJob.disabled=true -Dfile.encoding=utf8 -XX:+UseParallelGC -XX:GCTimeRatio=4 -XX:AdaptiveSizePolicyWeight=90 -Dsun.zip.disableMemoryMapping=true -Xmx1G -Xms100m -Xlog:disable -javaagent:c:\Users\Thinkpad\.vscode\extensions\redhat.java-1.30.0-win32-x64\lombok\lombok-1.18.32.jar -XX:+HeapDumpOnOutOfMemoryError -XX:HeapDumpPath=c:\Users\Thinkpad\AppData\Roaming\Code\User\workspaceStorage\8391a54b911138c514773b4ce524f3e5\redhat.java -Daether.dependencyCollector.impl=bf 
java_command: c:\Users\Thinkpad\.vscode\extensions\redhat.java-1.30.0-win32-x64\server\plugins\org.eclipse.equinox.launcher_1.6.800.v20240330-1250.jar -configuration c:\Users\Thinkpad\AppData\Roaming\Code\User\globalStorage\redhat.java\1.30.0\config_win -data c:\Users\Thinkpad\AppData\Roaming\Code\User\workspaceStorage\8391a54b911138c514773b4ce524f3e5\redhat.java\jdt_ws --pipe=\\.\pipe\lsp-d8d8bd13578892497ccfb7eb6a9c4159-sock
java_class_path (initial): c:\Users\Thinkpad\.vscode\extensions\redhat.java-1.30.0-win32-x64\server\plugins\org.eclipse.equinox.launcher_1.6.800.v20240330-1250.jar
Launcher Type: SUN_STANDARD

[Global flags]
    uintx AdaptiveSizePolicyWeight                 = 90                                        {product} {command line}
     intx CICompilerCount                          = 4                                         {product} {ergonomic}
    uintx GCTimeRatio                              = 4                                         {product} {command line}
     bool HeapDumpOnOutOfMemoryError               = true                                   {manageable} {command line}
    ccstr HeapDumpPath                             = c:\Users\Thinkpad\AppData\Roaming\Code\User\workspaceStorage\8391a54b911138c514773b4ce524f3e5\redhat.java         {manageable} {command line}
   size_t InitialHeapSize                          = 104857600                                 {product} {command line}
   size_t MaxHeapSize                              = 1073741824                                {product} {command line}
   size_t MaxNewSize                               = 357564416                                 {product} {ergonomic}
   size_t MinHeapDeltaBytes                        = 524288                                    {product} {ergonomic}
   size_t MinHeapSize                              = 104857600                                 {product} {command line}
   size_t NewSize                                  = 34603008                                  {product} {ergonomic}
    uintx NonNMethodCodeHeapSize                   = 5839372                                {pd product} {ergonomic}
    uintx NonProfiledCodeHeapSize                  = 122909434                              {pd product} {ergonomic}
   size_t OldSize                                  = 70254592                                  {product} {ergonomic}
    uintx ProfiledCodeHeapSize                     = 122909434                              {pd product} {ergonomic}
    uintx ReservedCodeCacheSize                    = 251658240                              {pd product} {ergonomic}
     bool SegmentedCodeCache                       = true                                      {product} {ergonomic}
   size_t SoftMaxHeapSize                          = 1073741824                             {manageable} {ergonomic}
     bool UseCompressedClassPointers               = true                           {product lp64_product} {ergonomic}
     bool UseCompressedOops                        = true                           {product lp64_product} {ergonomic}
     bool UseLargePagesIndividualAllocation        = false                                  {pd product} {ergonomic}
     bool UseParallelGC                            = true                                      {product} {command line}

Logging:
Log output configuration:
 #0: stdout all=off uptime,level,tags
 #1: stderr all=off uptime,level,tags

Environment Variables:
PATH=C:\Program Files (x86)\VMware\VMware Workstation\bin\;C:\Program Files\Common Files\Oracle\Java\javapath;C:\WINDOWS\system32;C:\WINDOWS;C:\WINDOWS\System32\Wbem;C:\WINDOWS\System32\WindowsPowerShell\v1.0\;C:\WINDOWS\System32\OpenSSH\;C:\Program Files\Intel\WiFi\bin\;C:\Program Files\Common Files\Intel\WirelessCommon\;C:\Program Files\nodejs\;C:\Program Files\Git\cmd;C:\Program Files\Cloudflare\Cloudflare WARP\;C:\Program Files\MongoDB\Server\7.0\bin;C:\Users\Thinkpad\AppData\Local\Microsoft\WindowsApps;C:\Users\Thinkpad\AppData\Local\Programs\Microsoft VS Code\bin;C:\Program Files\JetBrains\IntelliJ IDEA 2023.2.2\bin;;C:\Users\Thinkpad\AppData\Roaming\npm;C:\Users\Thinkpad\AppData\Local\GitHubDesktop\bin;C:\Program Files\Tesseract-OCR;C:\Program Files\CMake;
USERNAME=Thinkpad
OS=Windows_NT
PROCESSOR_IDENTIFIER=Intel64 Family 6 Model 142 Stepping 10, GenuineIntel
TMP=C:\Users\Thinkpad\AppData\Local\Temp
TEMP=C:\Users\Thinkpad\AppData\Local\Temp



Periodic native trim disabled


---------------  S Y S T E M  ---------------

OS:
 Windows 11 , 64 bit Build 22621 (10.0.22621.3527)
OS uptime: 2 days 13:11 hours

CPU: total 8 (initial active 8) (4 cores per cpu, 2 threads per core) family 6 model 142 stepping 10 microcode 0xe0, cx8, cmov, fxsr, ht, mmx, 3dnowpref, sse, sse2, sse3, ssse3, sse4.1, sse4.2, popcnt, lzcnt, tsc, tscinvbit, avx, avx2, aes, erms, clmul, bmi1, bmi2, rtm, adx, fma, vzeroupper, clflush, clflushopt
Processor Information for all 8 processors :
  Max Mhz: 2112, Current Mhz: 1910, Mhz Limit: 1900

Memory: 4k page, system-wide physical 16217M (368M free)
TotalPageFile size 34642M (AvailPageFile size 5M)
current process WorkingSet (physical memory assigned to process): 210M, peak: 212M
current process commit charge ("private bytes"): 291M, peak: 304M

vm_info: OpenJDK 64-Bit Server VM (17.0.10+7) for windows-amd64 JRE (17.0.10+7), built on Jan 16 2024 23:25:11 by "admin" with MS VC++ 16.10 / 16.11 (VS2019)

END.
