#
# There is insufficient memory for the Java Runtime Environment to continue.
# Native memory allocation (malloc) failed to allocate 1613776 bytes for Chunk::new
# Possible reasons:
#   The system is out of physical RAM or swap space
#   The process is running with CompressedOops enabled, and the Java Heap may be blocking the growth of the native heap
# Possible solutions:
#   Reduce memory load on the system
#   Increase physical memory or swap space
#   Check if swap backing store is full
#   Decrease Java heap size (-Xmx/-Xms)
#   Decrease number of Java threads
#   Decrease Java thread stack sizes (-Xss)
#   Set larger code cache with -XX:ReservedCodeCacheSize=
#   JVM is running with Unscaled Compressed Oops mode in which the Java heap is
#     placed in the first 4GB address space. The Java Heap base address is the
#     maximum limit for the native heap growth. Please use -XX:HeapBaseMinAddress
#     to set the Java Heap base and to place the Java Heap above 4GB virtual address.
# This output file may be truncated or incomplete.
#
#  Out of Memory Error (arena.cpp:191), pid=39880, tid=12028
#
# JRE version: OpenJDK Runtime Environment Temurin-17.0.10+7 (17.0.10+7) (build 17.0.10+7)
# Java VM: OpenJDK 64-Bit Server VM Temurin-17.0.10+7 (17.0.10+7, mixed mode, tiered, compressed oops, compressed class ptrs, parallel gc, windows-amd64)
# No core dump will be written. Minidumps are not enabled by default on client versions of Windows
#

---------------  S U M M A R Y ------------

Command Line: --add-modules=ALL-SYSTEM --add-opens=java.base/java.util=ALL-UNNAMED --add-opens=java.base/java.lang=ALL-UNNAMED --add-opens=java.base/sun.nio.fs=ALL-UNNAMED -Declipse.application=org.eclipse.jdt.ls.core.id1 -Dosgi.bundles.defaultStartLevel=4 -Declipse.product=org.eclipse.jdt.ls.core.product -Djava.import.generatesMetadataFilesAtProjectRoot=false -DDetectVMInstallationsJob.disabled=true -Dfile.encoding=utf8 -XX:+UseParallelGC -XX:GCTimeRatio=4 -XX:AdaptiveSizePolicyWeight=90 -Dsun.zip.disableMemoryMapping=true -Xmx1G -Xms100m -Xlog:disable -javaagent:c:\Users\Thinkpad\.vscode\extensions\redhat.java-1.30.0-win32-x64\lombok\lombok-1.18.32.jar c:\Users\Thinkpad\.vscode\extensions\redhat.java-1.30.0-win32-x64\server\plugins\org.eclipse.equinox.launcher_1.6.800.v20240330-1250.jar -configuration c:\Users\Thinkpad\AppData\Roaming\Code\User\globalStorage\redhat.java\1.30.0\config_ss_win -data c:\Users\Thinkpad\AppData\Roaming\Code\User\workspaceStorage\8391a54b911138c514773b4ce524f3e5\redhat.java\ss_ws --pipe=\\.\pipe\lsp-5c7ae7b7f897a17c0160c88270446f55-sock

Host: Intel(R) Core(TM) i7-8650U CPU @ 1.90GHz, 8 cores, 15G,  Windows 11 , 64 bit Build 22621 (10.0.22621.3527)
Time: Mon May 20 23:04:19 2024 SE Asia Standard Time elapsed time: 17.908827 seconds (0d 0h 0m 17s)

---------------  T H R E A D  ---------------

Current thread (0x000001d522291460):  JavaThread "C2 CompilerThread0" daemon [_thread_in_native, id=12028, stack(0x0000000b91b00000,0x0000000b91c00000)]


Current CompileTask:
C2:  17908 2292       4       org.lombokweb.asm.ClassReader::readMethod (1066 bytes)

Stack: [0x0000000b91b00000,0x0000000b91c00000]
Native frames: (J=compiled Java code, j=interpreted, Vv=VM code, C=native code)
V  [jvm.dll+0x67d2c9]
V  [jvm.dll+0x834afa]
V  [jvm.dll+0x8365be]
V  [jvm.dll+0x836c23]
V  [jvm.dll+0x2477ff]
V  [jvm.dll+0xac514]
V  [jvm.dll+0xacb5c]
V  [jvm.dll+0x366782]
V  [jvm.dll+0x1bcd86]
V  [jvm.dll+0x21a049]
V  [jvm.dll+0x219311]
V  [jvm.dll+0x1a502d]
V  [jvm.dll+0x2290de]
V  [jvm.dll+0x2272ac]
V  [jvm.dll+0x7e9bb7]
V  [jvm.dll+0x7e3fba]
V  [jvm.dll+0x67c1b5]
C  [ucrtbase.dll+0x29333]
C  [KERNEL32.DLL+0x1257d]
C  [ntdll.dll+0x5aa48]


---------------  P R O C E S S  ---------------

Threads class SMR info:
_java_thread_list=0x000001d523b27570, length=20, elements={
0x000001d5093513d0, 0x000001d51d1d4020, 0x000001d5093fe350, 0x000001d51d1db2f0,
0x000001d51d1dbcc0, 0x000001d51d1dcf30, 0x000001d51d1de0a0, 0x000001d522291460,
0x000001d522292510, 0x000001d522292e20, 0x000001d5093b1e20, 0x000001d522532950,
0x000001d5238a40b0, 0x000001d5238fb6a0, 0x000001d5238fc000, 0x000001d5235ac830,
0x000001d523401940, 0x000001d523ec5f90, 0x000001d523ec64a0, 0x000001d523ec69b0
}

Java Threads: ( => current thread )
  0x000001d5093513d0 JavaThread "main" [_thread_blocked, id=40296, stack(0x0000000b91200000,0x0000000b91300000)]
  0x000001d51d1d4020 JavaThread "Reference Handler" daemon [_thread_blocked, id=31788, stack(0x0000000b91500000,0x0000000b91600000)]
  0x000001d5093fe350 JavaThread "Finalizer" daemon [_thread_blocked, id=35484, stack(0x0000000b91600000,0x0000000b91700000)]
  0x000001d51d1db2f0 JavaThread "Signal Dispatcher" daemon [_thread_blocked, id=41724, stack(0x0000000b91700000,0x0000000b91800000)]
  0x000001d51d1dbcc0 JavaThread "Attach Listener" daemon [_thread_blocked, id=43648, stack(0x0000000b91800000,0x0000000b91900000)]
  0x000001d51d1dcf30 JavaThread "Service Thread" daemon [_thread_blocked, id=41116, stack(0x0000000b91900000,0x0000000b91a00000)]
  0x000001d51d1de0a0 JavaThread "Monitor Deflation Thread" daemon [_thread_blocked, id=41652, stack(0x0000000b91a00000,0x0000000b91b00000)]
=>0x000001d522291460 JavaThread "C2 CompilerThread0" daemon [_thread_in_native, id=12028, stack(0x0000000b91b00000,0x0000000b91c00000)]
  0x000001d522292510 JavaThread "C1 CompilerThread0" daemon [_thread_blocked, id=21904, stack(0x0000000b91c00000,0x0000000b91d00000)]
  0x000001d522292e20 JavaThread "Sweeper thread" daemon [_thread_blocked, id=20504, stack(0x0000000b91d00000,0x0000000b91e00000)]
  0x000001d5093b1e20 JavaThread "Common-Cleaner" daemon [_thread_blocked, id=37984, stack(0x0000000b91e00000,0x0000000b91f00000)]
  0x000001d522532950 JavaThread "Notification Thread" daemon [_thread_blocked, id=41460, stack(0x0000000b91f00000,0x0000000b92000000)]
  0x000001d5238a40b0 JavaThread "Active Thread: Equinox Container: 7a9a654f-36e0-462e-89b1-ec0d7eb40d9e" [_thread_blocked, id=43176, stack(0x0000000b92700000,0x0000000b92800000)]
  0x000001d5238fb6a0 JavaThread "Framework Event Dispatcher: Equinox Container: 7a9a654f-36e0-462e-89b1-ec0d7eb40d9e" daemon [_thread_blocked, id=40612, stack(0x0000000b92800000,0x0000000b92900000)]
  0x000001d5238fc000 JavaThread "Start Level: Equinox Container: 7a9a654f-36e0-462e-89b1-ec0d7eb40d9e" daemon [_thread_in_Java, id=41300, stack(0x0000000b92900000,0x0000000b92a00000)]
  0x000001d5235ac830 JavaThread "SCR Component Actor" daemon [_thread_blocked, id=38732, stack(0x0000000b92a00000,0x0000000b92b00000)]
  0x000001d523401940 JavaThread "SCR Component Registry" daemon [_thread_blocked, id=40356, stack(0x0000000b92c00000,0x0000000b92d00000)]
  0x000001d523ec5f90 JavaThread "Worker-JM" [_thread_blocked, id=40232, stack(0x0000000b92d00000,0x0000000b92e00000)]
  0x000001d523ec64a0 JavaThread "Worker-0" [_thread_blocked, id=40936, stack(0x0000000b92e00000,0x0000000b92f00000)]
  0x000001d523ec69b0 JavaThread "Worker-1" [_thread_blocked, id=40508, stack(0x0000000b92f00000,0x0000000b93000000)]

Other Threads:
  0x000001d5093d9390 VMThread "VM Thread" [stack: 0x0000000b91400000,0x0000000b91500000] [id=43936]
  0x000001d5225e7050 WatcherThread [stack: 0x0000000b92000000,0x0000000b92100000] [id=27772]
  0x000001d5093646c0 GCTaskThread "GC Thread#0" [stack: 0x0000000b91300000,0x0000000b91400000] [id=26640]
  0x000001d523889a80 GCTaskThread "GC Thread#1" [stack: 0x0000000b92100000,0x0000000b92200000] [id=29464]
  0x000001d523a1caa0 GCTaskThread "GC Thread#2" [stack: 0x0000000b92200000,0x0000000b92300000] [id=42492]
  0x000001d523a1cd60 GCTaskThread "GC Thread#3" [stack: 0x0000000b92300000,0x0000000b92400000] [id=43360]
  0x000001d523a1d020 GCTaskThread "GC Thread#4" [stack: 0x0000000b92400000,0x0000000b92500000] [id=39240]
  0x000001d523a1d2e0 GCTaskThread "GC Thread#5" [stack: 0x0000000b92500000,0x0000000b92600000] [id=20820]
  0x000001d523a1d5a0 GCTaskThread "GC Thread#6" [stack: 0x0000000b92600000,0x0000000b92700000] [id=37992]
  0x000001d5238d6d80 GCTaskThread "GC Thread#7" [stack: 0x0000000b92b00000,0x0000000b92c00000] [id=16864]

Threads with active compile tasks:
C2 CompilerThread0    17963 2292       4       org.lombokweb.asm.ClassReader::readMethod (1066 bytes)

VM state: not at safepoint (normal execution)

VM Mutex/Monitor currently owned by a thread: None

Heap address: 0x00000000c0000000, size: 1024 MB, Compressed Oops mode: 32-bit

CDS archive(s) not mapped
Compressed class space mapped at: 0x0000000100000000-0x0000000140000000, reserved size: 1073741824
Narrow klass base: 0x0000000000000000, Narrow klass shift: 3, Narrow klass range: 0x140000000

GC Precious Log:
 CPUs: 8 total, 8 available
 Memory: 16217M
 Large Page Support: Disabled
 NUMA Support: Disabled
 Compressed Oops: Enabled (32-bit)
 Alignments: Space 512K, Generation 512K, Heap 2M
 Heap Min Capacity: 100M
 Heap Initial Capacity: 100M
 Heap Max Capacity: 1G
 Pre-touch: Disabled
 Parallel Workers: 8

Heap:
 PSYoungGen      total 26112K, used 14432K [0x00000000eab00000, 0x00000000ec880000, 0x0000000100000000)
  eden space 25088K, 55% used [0x00000000eab00000,0x00000000eb87e328,0x00000000ec380000)
  from space 1024K, 60% used [0x00000000ec400000,0x00000000ec499d10,0x00000000ec500000)
  to   space 2560K, 0% used [0x00000000ec600000,0x00000000ec600000,0x00000000ec880000)
 ParOldGen       total 68608K, used 6614K [0x00000000c0000000, 0x00000000c4300000, 0x00000000eab00000)
  object space 68608K, 9% used [0x00000000c0000000,0x00000000c0675800,0x00000000c4300000)
 Metaspace       used 26141K, committed 26624K, reserved 1114112K
  class space    used 2545K, committed 2752K, reserved 1048576K

Card table byte_map: [0x000001d508d00000,0x000001d508f10000] _byte_map_base: 0x000001d508700000

Marking Bits: (ParMarkBitMap*) 0x00007ffdfce4d7d0
 Begin Bits: [0x000001d51afe0000, 0x000001d51bfe0000)
 End Bits:   [0x000001d51bfe0000, 0x000001d51cfe0000)

Polling page: 0x000001d507340000

Metaspace:

Usage:
  Non-class:     23.04 MB used.
      Class:      2.49 MB used.
       Both:     25.53 MB used.

Virtual space:
  Non-class space:       64.00 MB reserved,      23.31 MB ( 36%) committed,  1 nodes.
      Class space:        1.00 GB reserved,       2.69 MB ( <1%) committed,  1 nodes.
             Both:        1.06 GB reserved,      26.00 MB (  2%) committed. 

Chunk freelists:
   Non-Class:  8.64 MB
       Class:  13.34 MB
        Both:  21.98 MB

MaxMetaspaceSize: unlimited
CompressedClassSpaceSize: 1.00 GB
Initial GC threshold: 21.00 MB
Current GC threshold: 35.00 MB
CDS: off
MetaspaceReclaimPolicy: balanced
 - commit_granule_bytes: 65536.
 - commit_granule_words: 8192.
 - virtual_space_node_default_size: 8388608.
 - enlarge_chunks_in_place: 1.
 - new_chunks_are_fully_committed: 0.
 - uncommit_free_chunks: 1.
 - use_allocation_guard: 0.
 - handle_deallocations: 1.


Internal statistics:

num_allocs_failed_limit: 3.
num_arena_births: 278.
num_arena_deaths: 14.
num_vsnodes_births: 2.
num_vsnodes_deaths: 0.
num_space_committed: 416.
num_space_uncommitted: 0.
num_chunks_returned_to_freelist: 17.
num_chunks_taken_from_freelist: 965.
num_chunk_merges: 5.
num_chunk_splits: 636.
num_chunks_enlarged: 468.
num_inconsistent_stats: 0.

CodeHeap 'non-profiled nmethods': size=120000Kb used=893Kb max_used=893Kb free=119106Kb
 bounds [0x000001d513ab0000, 0x000001d513d20000, 0x000001d51afe0000]
CodeHeap 'profiled nmethods': size=120000Kb used=4572Kb max_used=4572Kb free=115427Kb
 bounds [0x000001d50bfe0000, 0x000001d50c460000, 0x000001d513510000]
CodeHeap 'non-nmethods': size=5760Kb used=1219Kb max_used=1219Kb free=4540Kb
 bounds [0x000001d513510000, 0x000001d513780000, 0x000001d513ab0000]
 total_blobs=2849 nmethods=2316 adapters=447
 compilation: enabled
              stopped_count=0, restarted_count=0
 full_count=0

Compilation events (20 events):
Event: 17.853 Thread 0x000001d522292510 nmethod 2308 0x000001d50c44d510 code [0x000001d50c44d6c0, 0x000001d50c44d8c8]
Event: 17.853 Thread 0x000001d522292510 2309       1       lombok.patcher.MethodLogistics::getReturnOpcode (5 bytes)
Event: 17.853 Thread 0x000001d522292510 nmethod 2309 0x000001d513b8f390 code [0x000001d513b8f520, 0x000001d513b8f5f8]
Event: 17.853 Thread 0x000001d522292510 2310       3       org.lombokweb.asm.Label::put (83 bytes)
Event: 17.854 Thread 0x000001d522292510 nmethod 2310 0x000001d50c44da10 code [0x000001d50c44dc20, 0x000001d50c44e058]
Event: 17.854 Thread 0x000001d522292510 2311       3       org.lombokweb.asm.MethodWriter::visitLabel (332 bytes)
Event: 17.855 Thread 0x000001d522292510 nmethod 2311 0x000001d50c44e210 code [0x000001d50c44e440, 0x000001d50c44ed98]
Event: 17.855 Thread 0x000001d522292510 2313       3       org.lombokweb.asm.MethodVisitor::visitInsn (16 bytes)
Event: 17.855 Thread 0x000001d522292510 nmethod 2313 0x000001d50c44f010 code [0x000001d50c44f1c0, 0x000001d50c44f3c8]
Event: 17.855 Thread 0x000001d522292510 2312       3       org.lombokweb.asm.MethodWriter::visitJumpInsn (495 bytes)
Event: 17.857 Thread 0x000001d522292510 nmethod 2312 0x000001d50c44f490 code [0x000001d50c44f7c0, 0x000001d50c450828]
Event: 17.897 Thread 0x000001d522292510 2314       3       org.lombokweb.asm.SymbolTable::<init> (536 bytes)
Event: 17.902 Thread 0x000001d522292510 nmethod 2314 0x000001d50c450e10 code [0x000001d50c451380, 0x000001d50c453c08]
Event: 17.902 Thread 0x000001d522292510 2315   !   3       java.util.regex.Pattern::matcher (44 bytes)
Event: 17.903 Thread 0x000001d522292510 nmethod 2315 0x000001d50c454d10 code [0x000001d50c454ec0, 0x000001d50c455218]
Event: 17.903 Thread 0x000001d522292510 2316       3       java.util.regex.Matcher::<init> (95 bytes)
Event: 17.903 Thread 0x000001d522292510 nmethod 2316 0x000001d50c455390 code [0x000001d50c455560, 0x000001d50c455a28]
Event: 17.906 Thread 0x000001d522292510 2317       3       org.lombokweb.asm.MethodVisitor::visitJumpInsn (17 bytes)
Event: 17.907 Thread 0x000001d522292510 nmethod 2317 0x000001d50c455b90 code [0x000001d50c455d40, 0x000001d50c455f48]
Event: 17.907 Thread 0x000001d522292510 2318       3       org.lombokweb.asm.Label::addForwardReference (102 bytes)

GC Heap History (12 events):
Event: 1.649 GC heap before
{Heap before GC invocations=1 (full 0):
 PSYoungGen      total 29696K, used 25600K [0x00000000eab00000, 0x00000000ecc00000, 0x0000000100000000)
  eden space 25600K, 100% used [0x00000000eab00000,0x00000000ec400000,0x00000000ec400000)
  from space 4096K, 0% used [0x00000000ec800000,0x00000000ec800000,0x00000000ecc00000)
  to   space 4096K, 0% used [0x00000000ec400000,0x00000000ec400000,0x00000000ec800000)
 ParOldGen       total 68608K, used 0K [0x00000000c0000000, 0x00000000c4300000, 0x00000000eab00000)
  object space 68608K, 0% used [0x00000000c0000000,0x00000000c0000000,0x00000000c4300000)
 Metaspace       used 10986K, committed 11200K, reserved 1114112K
  class space    used 1096K, committed 1216K, reserved 1048576K
}
Event: 1.661 GC heap after
{Heap after GC invocations=1 (full 0):
 PSYoungGen      total 29696K, used 3156K [0x00000000eab00000, 0x00000000ecc00000, 0x0000000100000000)
  eden space 25600K, 0% used [0x00000000eab00000,0x00000000eab00000,0x00000000ec400000)
  from space 4096K, 77% used [0x00000000ec400000,0x00000000ec715278,0x00000000ec800000)
  to   space 4096K, 0% used [0x00000000ec800000,0x00000000ec800000,0x00000000ecc00000)
 ParOldGen       total 68608K, used 16K [0x00000000c0000000, 0x00000000c4300000, 0x00000000eab00000)
  object space 68608K, 0% used [0x00000000c0000000,0x00000000c0004000,0x00000000c4300000)
 Metaspace       used 10986K, committed 11200K, reserved 1114112K
  class space    used 1096K, committed 1216K, reserved 1048576K
}
Event: 11.939 GC heap before
{Heap before GC invocations=2 (full 0):
 PSYoungGen      total 29696K, used 28756K [0x00000000eab00000, 0x00000000ecc00000, 0x0000000100000000)
  eden space 25600K, 100% used [0x00000000eab00000,0x00000000ec400000,0x00000000ec400000)
  from space 4096K, 77% used [0x00000000ec400000,0x00000000ec715278,0x00000000ec800000)
  to   space 4096K, 0% used [0x00000000ec800000,0x00000000ec800000,0x00000000ecc00000)
 ParOldGen       total 68608K, used 16K [0x00000000c0000000, 0x00000000c4300000, 0x00000000eab00000)
  object space 68608K, 0% used [0x00000000c0000000,0x00000000c0004000,0x00000000c4300000)
 Metaspace       used 14682K, committed 14976K, reserved 1114112K
  class space    used 1483K, committed 1600K, reserved 1048576K
}
Event: 11.947 GC heap after
{Heap after GC invocations=2 (full 0):
 PSYoungGen      total 29696K, used 4089K [0x00000000eab00000, 0x00000000ecc00000, 0x0000000100000000)
  eden space 25600K, 0% used [0x00000000eab00000,0x00000000eab00000,0x00000000ec400000)
  from space 4096K, 99% used [0x00000000ec800000,0x00000000ecbfe778,0x00000000ecc00000)
  to   space 4096K, 0% used [0x00000000ec400000,0x00000000ec400000,0x00000000ec800000)
 ParOldGen       total 68608K, used 724K [0x00000000c0000000, 0x00000000c4300000, 0x00000000eab00000)
  object space 68608K, 1% used [0x00000000c0000000,0x00000000c00b5350,0x00000000c4300000)
 Metaspace       used 14682K, committed 14976K, reserved 1114112K
  class space    used 1483K, committed 1600K, reserved 1048576K
}
Event: 14.990 GC heap before
{Heap before GC invocations=3 (full 0):
 PSYoungGen      total 29696K, used 29689K [0x00000000eab00000, 0x00000000ecc00000, 0x0000000100000000)
  eden space 25600K, 100% used [0x00000000eab00000,0x00000000ec400000,0x00000000ec400000)
  from space 4096K, 99% used [0x00000000ec800000,0x00000000ecbfe778,0x00000000ecc00000)
  to   space 4096K, 0% used [0x00000000ec400000,0x00000000ec400000,0x00000000ec800000)
 ParOldGen       total 68608K, used 724K [0x00000000c0000000, 0x00000000c4300000, 0x00000000eab00000)
  object space 68608K, 1% used [0x00000000c0000000,0x00000000c00b5350,0x00000000c4300000)
 Metaspace       used 19728K, committed 20096K, reserved 1114112K
  class space    used 2013K, committed 2176K, reserved 1048576K
}
Event: 14.996 GC heap after
{Heap after GC invocations=3 (full 0):
 PSYoungGen      total 29696K, used 4064K [0x00000000eab00000, 0x00000000ecc00000, 0x0000000100000000)
  eden space 25600K, 0% used [0x00000000eab00000,0x00000000eab00000,0x00000000ec400000)
  from space 4096K, 99% used [0x00000000ec400000,0x00000000ec7f8340,0x00000000ec800000)
  to   space 4096K, 0% used [0x00000000ec800000,0x00000000ec800000,0x00000000ecc00000)
 ParOldGen       total 68608K, used 2401K [0x00000000c0000000, 0x00000000c4300000, 0x00000000eab00000)
  object space 68608K, 3% used [0x00000000c0000000,0x00000000c02586f8,0x00000000c4300000)
 Metaspace       used 19728K, committed 20096K, reserved 1114112K
  class space    used 2013K, committed 2176K, reserved 1048576K
}
Event: 16.068 GC heap before
{Heap before GC invocations=4 (full 0):
 PSYoungGen      total 29696K, used 11813K [0x00000000eab00000, 0x00000000ecc00000, 0x0000000100000000)
  eden space 25600K, 30% used [0x00000000eab00000,0x00000000eb291418,0x00000000ec400000)
  from space 4096K, 99% used [0x00000000ec400000,0x00000000ec7f8340,0x00000000ec800000)
  to   space 4096K, 0% used [0x00000000ec800000,0x00000000ec800000,0x00000000ecc00000)
 ParOldGen       total 68608K, used 2401K [0x00000000c0000000, 0x00000000c4300000, 0x00000000eab00000)
  object space 68608K, 3% used [0x00000000c0000000,0x00000000c02586f8,0x00000000c4300000)
 Metaspace       used 21058K, committed 21504K, reserved 1114112K
  class space    used 2159K, committed 2368K, reserved 1048576K
}
Event: 16.075 GC heap after
{Heap after GC invocations=4 (full 0):
 PSYoungGen      total 29696K, used 4080K [0x00000000eab00000, 0x00000000ecc00000, 0x0000000100000000)
  eden space 25600K, 0% used [0x00000000eab00000,0x00000000eab00000,0x00000000ec400000)
  from space 4096K, 99% used [0x00000000ec800000,0x00000000ecbfc350,0x00000000ecc00000)
  to   space 4096K, 0% used [0x00000000ec400000,0x00000000ec400000,0x00000000ec800000)
 ParOldGen       total 68608K, used 2685K [0x00000000c0000000, 0x00000000c4300000, 0x00000000eab00000)
  object space 68608K, 3% used [0x00000000c0000000,0x00000000c029f708,0x00000000c4300000)
 Metaspace       used 21058K, committed 21504K, reserved 1114112K
  class space    used 2159K, committed 2368K, reserved 1048576K
}
Event: 16.075 GC heap before
{Heap before GC invocations=5 (full 1):
 PSYoungGen      total 29696K, used 4080K [0x00000000eab00000, 0x00000000ecc00000, 0x0000000100000000)
  eden space 25600K, 0% used [0x00000000eab00000,0x00000000eab00000,0x00000000ec400000)
  from space 4096K, 99% used [0x00000000ec800000,0x00000000ecbfc350,0x00000000ecc00000)
  to   space 4096K, 0% used [0x00000000ec400000,0x00000000ec400000,0x00000000ec800000)
 ParOldGen       total 68608K, used 2685K [0x00000000c0000000, 0x00000000c4300000, 0x00000000eab00000)
  object space 68608K, 3% used [0x00000000c0000000,0x00000000c029f708,0x00000000c4300000)
 Metaspace       used 21058K, committed 21504K, reserved 1114112K
  class space    used 2159K, committed 2368K, reserved 1048576K
}
Event: 16.107 GC heap after
{Heap after GC invocations=5 (full 1):
 PSYoungGen      total 29696K, used 0K [0x00000000eab00000, 0x00000000ecc00000, 0x0000000100000000)
  eden space 25600K, 0% used [0x00000000eab00000,0x00000000eab00000,0x00000000ec400000)
  from space 4096K, 0% used [0x00000000ec800000,0x00000000ec800000,0x00000000ecc00000)
  to   space 4096K, 0% used [0x00000000ec400000,0x00000000ec400000,0x00000000ec800000)
 ParOldGen       total 68608K, used 6614K [0x00000000c0000000, 0x00000000c4300000, 0x00000000eab00000)
  object space 68608K, 9% used [0x00000000c0000000,0x00000000c0675800,0x00000000c4300000)
 Metaspace       used 21045K, committed 21504K, reserved 1114112K
  class space    used 2156K, committed 2368K, reserved 1048576K
}
Event: 17.510 GC heap before
{Heap before GC invocations=6 (full 1):
 PSYoungGen      total 29696K, used 25600K [0x00000000eab00000, 0x00000000ecc00000, 0x0000000100000000)
  eden space 25600K, 100% used [0x00000000eab00000,0x00000000ec400000,0x00000000ec400000)
  from space 4096K, 0% used [0x00000000ec800000,0x00000000ec800000,0x00000000ecc00000)
  to   space 4096K, 0% used [0x00000000ec400000,0x00000000ec400000,0x00000000ec800000)
 ParOldGen       total 68608K, used 6614K [0x00000000c0000000, 0x00000000c4300000, 0x00000000eab00000)
  object space 68608K, 9% used [0x00000000c0000000,0x00000000c0675800,0x00000000c4300000)
 Metaspace       used 24162K, committed 24640K, reserved 1114112K
  class space    used 2363K, committed 2560K, reserved 1048576K
}
Event: 17.511 GC heap after
{Heap after GC invocations=6 (full 1):
 PSYoungGen      total 26112K, used 615K [0x00000000eab00000, 0x00000000ec880000, 0x0000000100000000)
  eden space 25088K, 0% used [0x00000000eab00000,0x00000000eab00000,0x00000000ec380000)
  from space 1024K, 60% used [0x00000000ec400000,0x00000000ec499d10,0x00000000ec500000)
  to   space 2560K, 0% used [0x00000000ec600000,0x00000000ec600000,0x00000000ec880000)
 ParOldGen       total 68608K, used 6614K [0x00000000c0000000, 0x00000000c4300000, 0x00000000eab00000)
  object space 68608K, 9% used [0x00000000c0000000,0x00000000c0675800,0x00000000c4300000)
 Metaspace       used 24162K, committed 24640K, reserved 1114112K
  class space    used 2363K, committed 2560K, reserved 1048576K
}

Dll operation events (9 events):
Event: 0.077 Loaded shared library c:\Users\Thinkpad\.vscode\extensions\redhat.java-1.30.0-win32-x64\jre\17.0.10-win32-x86_64\bin\java.dll
Event: 0.457 Loaded shared library c:\Users\Thinkpad\.vscode\extensions\redhat.java-1.30.0-win32-x64\jre\17.0.10-win32-x86_64\bin\zip.dll
Event: 0.463 Loaded shared library C:\Users\Thinkpad\.vscode\extensions\redhat.java-1.30.0-win32-x64\jre\17.0.10-win32-x86_64\bin\instrument.dll
Event: 0.492 Loaded shared library C:\Users\Thinkpad\.vscode\extensions\redhat.java-1.30.0-win32-x64\jre\17.0.10-win32-x86_64\bin\net.dll
Event: 0.495 Loaded shared library C:\Users\Thinkpad\.vscode\extensions\redhat.java-1.30.0-win32-x64\jre\17.0.10-win32-x86_64\bin\nio.dll
Event: 0.514 Loaded shared library C:\Users\Thinkpad\.vscode\extensions\redhat.java-1.30.0-win32-x64\jre\17.0.10-win32-x86_64\bin\zip.dll
Event: 0.549 Loaded shared library C:\Users\Thinkpad\.vscode\extensions\redhat.java-1.30.0-win32-x64\jre\17.0.10-win32-x86_64\bin\jimage.dll
Event: 0.641 Loaded shared library c:\Users\Thinkpad\.vscode\extensions\redhat.java-1.30.0-win32-x64\jre\17.0.10-win32-x86_64\bin\verify.dll
Event: 11.532 Loaded shared library C:\Users\Thinkpad\AppData\Roaming\Code\User\globalStorage\redhat.java\1.30.0\config_ss_win\org.eclipse.equinox.launcher\org.eclipse.equinox.launcher.win32.win32.x86_64_1.2.900.v20240213-1244\eclipse_11900.dll

Deoptimization events (20 events):
Event: 17.302 Thread 0x000001d5238fc000 Uncommon trap: trap_request=0xffffffde fr.pc=0x000001d513b8e044 relative=0x0000000000000124
Event: 17.302 Thread 0x000001d5238fc000 Uncommon trap: reason=class_check action=maybe_recompile pc=0x000001d513b8e044 method=jdk.internal.misc.Unsafe.allocateUninitializedArray(Ljava/lang/Class;I)Ljava/lang/Object; @ 51 c2
Event: 17.302 Thread 0x000001d5238fc000 DEOPT PACKING pc=0x000001d513b8e044 sp=0x0000000b929f2af0
Event: 17.302 Thread 0x000001d5238fc000 DEOPT UNPACKING pc=0x000001d5135666a3 sp=0x0000000b929f2a78 mode 2
Event: 17.304 Thread 0x000001d5238fc000 Uncommon trap: trap_request=0xffffffde fr.pc=0x000001d513b8e044 relative=0x0000000000000124
Event: 17.304 Thread 0x000001d5238fc000 Uncommon trap: reason=class_check action=maybe_recompile pc=0x000001d513b8e044 method=jdk.internal.misc.Unsafe.allocateUninitializedArray(Ljava/lang/Class;I)Ljava/lang/Object; @ 51 c2
Event: 17.304 Thread 0x000001d5238fc000 DEOPT PACKING pc=0x000001d513b8e044 sp=0x0000000b929f8080
Event: 17.304 Thread 0x000001d5238fc000 DEOPT UNPACKING pc=0x000001d5135666a3 sp=0x0000000b929f8008 mode 2
Event: 17.307 Thread 0x000001d5238fc000 Uncommon trap: trap_request=0xffffffde fr.pc=0x000001d513b8e044 relative=0x0000000000000124
Event: 17.307 Thread 0x000001d5238fc000 Uncommon trap: reason=class_check action=maybe_recompile pc=0x000001d513b8e044 method=jdk.internal.misc.Unsafe.allocateUninitializedArray(Ljava/lang/Class;I)Ljava/lang/Object; @ 51 c2
Event: 17.307 Thread 0x000001d5238fc000 DEOPT PACKING pc=0x000001d513b8e044 sp=0x0000000b929f6070
Event: 17.307 Thread 0x000001d5238fc000 DEOPT UNPACKING pc=0x000001d5135666a3 sp=0x0000000b929f5ff8 mode 2
Event: 17.821 Thread 0x000001d5238fc000 Uncommon trap: trap_request=0xffffff45 fr.pc=0x000001d513b8dc3c relative=0x000000000000013c
Event: 17.821 Thread 0x000001d5238fc000 Uncommon trap: reason=unstable_if action=reinterpret pc=0x000001d513b8dc3c method=org.lombokweb.asm.ByteVector.putByteArray([BII)Lorg/lombokweb/asm/ByteVector; @ 20 c2
Event: 17.821 Thread 0x000001d5238fc000 DEOPT PACKING pc=0x000001d513b8dc3c sp=0x0000000b929eeb60
Event: 17.821 Thread 0x000001d5238fc000 DEOPT UNPACKING pc=0x000001d5135666a3 sp=0x0000000b929eeb30 mode 2
Event: 17.821 Thread 0x000001d5238fc000 Uncommon trap: trap_request=0xffffff45 fr.pc=0x000001d513b8d5f4 relative=0x0000000000000354
Event: 17.821 Thread 0x000001d5238fc000 Uncommon trap: reason=unstable_if action=reinterpret pc=0x000001d513b8d5f4 method=org.lombokweb.asm.Label.resolve([BLorg/lombokweb/asm/ByteVector;I)Z @ 81 c2
Event: 17.821 Thread 0x000001d5238fc000 DEOPT PACKING pc=0x000001d513b8d5f4 sp=0x0000000b929eebe0
Event: 17.821 Thread 0x000001d5238fc000 DEOPT UNPACKING pc=0x000001d5135666a3 sp=0x0000000b929eeae8 mode 2

Classes unloaded (7 events):
Event: 16.081 Thread 0x000001d5093d9390 Unloading class 0x000000010021e400 'java/lang/invoke/LambdaForm$MH+0x000000010021e400'
Event: 16.081 Thread 0x000001d5093d9390 Unloading class 0x000000010021e000 'java/lang/invoke/LambdaForm$MH+0x000000010021e000'
Event: 16.081 Thread 0x000001d5093d9390 Unloading class 0x000000010021dc00 'java/lang/invoke/LambdaForm$MH+0x000000010021dc00'
Event: 16.081 Thread 0x000001d5093d9390 Unloading class 0x000000010021d800 'java/lang/invoke/LambdaForm$MH+0x000000010021d800'
Event: 16.081 Thread 0x000001d5093d9390 Unloading class 0x000000010021d400 'java/lang/invoke/LambdaForm$BMH+0x000000010021d400'
Event: 16.081 Thread 0x000001d5093d9390 Unloading class 0x000000010021d000 'java/lang/invoke/LambdaForm$DMH+0x000000010021d000'
Event: 16.081 Thread 0x000001d5093d9390 Unloading class 0x0000000100218400 'java/lang/invoke/LambdaForm$DMH+0x0000000100218400'

Classes redefined (0 events):
No events

Internal exceptions (20 events):
Event: 14.331 Thread 0x000001d5238fc000 Exception <a 'java/lang/NoSuchMethodError'{0x00000000ec0684d8}: 'java.lang.Object java.lang.invoke.DirectMethodHandle$Holder.invokeStatic(java.lang.Object, java.lang.Object, java.lang.Object, java.lang.Object, int)'> (0x00000000ec0684d8) 
thrown [s\src\hotspot\share\interpreter\linkResolver.cpp, line 759]
Event: 14.333 Thread 0x000001d5238fc000 Exception <a 'java/lang/NoSuchMethodError'{0x00000000ec074720}: 'java.lang.Object java.lang.invoke.DelegatingMethodHandle$Holder.reinvoke_L(java.lang.Object, java.lang.Object, java.lang.Object, java.lang.Object, int, int)'> (0x00000000ec074720) 
thrown [s\src\hotspot\share\interpreter\linkResolver.cpp, line 759]
Event: 14.338 Thread 0x000001d5238fc000 Exception <a 'java/lang/NoSuchMethodError'{0x00000000ec089018}: 'java.lang.Object java.lang.invoke.Invokers$Holder.invokeExact_MT(java.lang.Object, java.lang.Object, java.lang.Object, java.lang.Object)'> (0x00000000ec089018) 
thrown [s\src\hotspot\share\interpreter\linkResolver.cpp, line 759]
Event: 14.875 Thread 0x000001d5238fc000 Exception <a 'java/io/FileNotFoundException'{0x00000000ec2eadc0}> (0x00000000ec2eadc0) 
thrown [s\src\hotspot\share\prims\jni.cpp, line 516]
Event: 14.876 Thread 0x000001d5238fc000 Exception <a 'java/io/FileNotFoundException'{0x00000000ec309450}> (0x00000000ec309450) 
thrown [s\src\hotspot\share\prims\jni.cpp, line 516]
Event: 15.270 Thread 0x000001d5238fc000 Exception <a 'java/lang/NoSuchMethodError'{0x00000000eacf8248}: 'java.lang.Object java.lang.invoke.DirectMethodHandle$Holder.newInvokeSpecial(java.lang.Object, java.lang.Object, java.lang.Object, java.lang.Object, java.lang.Object)'> (0x00000000eacf8248) 
thrown [s\src\hotspot\share\interpreter\linkResolver.cpp, line 759]
Event: 15.677 Thread 0x000001d5238fc000 Exception <a 'java/lang/NoSuchMethodError'{0x00000000eae30768}: 'java.lang.Object java.lang.invoke.DirectMethodHandle$Holder.invokeStaticInit(java.lang.Object, int)'> (0x00000000eae30768) 
thrown [s\src\hotspot\share\interpreter\linkResolver.cpp, line 759]
Event: 15.858 Thread 0x000001d5238fc000 Exception <a 'java/lang/NoSuchMethodError'{0x00000000eb048e50}: 'java.lang.Object java.lang.invoke.DirectMethodHandle$Holder.invokeSpecial(java.lang.Object, java.lang.Object, java.lang.Object, long, java.lang.Object)'> (0x00000000eb048e50) 
thrown [s\src\hotspot\share\interpreter\linkResolver.cpp, line 759]
Event: 15.859 Thread 0x000001d5238fc000 Exception <a 'java/lang/NoSuchMethodError'{0x00000000eb051008}: 'java.lang.Object java.lang.invoke.DirectMethodHandle$Holder.newInvokeSpecial(java.lang.Object, java.lang.Object, java.lang.Object, long)'> (0x00000000eb051008) 
thrown [s\src\hotspot\share\interpreter\linkResolver.cpp, line 759]
Event: 15.860 Thread 0x000001d5238fc000 Exception <a 'java/lang/NoSuchMethodError'{0x00000000eb0557e8}: 'java.lang.Object java.lang.invoke.DirectMethodHandle$Holder.invokeSpecial(java.lang.Object, java.lang.Object, java.lang.Object, java.lang.Object, long)'> (0x00000000eb0557e8) 
thrown [s\src\hotspot\share\interpreter\linkResolver.cpp, line 759]
Event: 15.861 Thread 0x000001d5238fc000 Exception <a 'java/lang/NoSuchMethodError'{0x00000000eb059660}: 'java.lang.Object java.lang.invoke.Invokers$Holder.linkToTargetMethod(java.lang.Object, java.lang.Object, long, java.lang.Object)'> (0x00000000eb059660) 
thrown [s\src\hotspot\share\interpreter\linkResolver.cpp, line 759]
Event: 15.876 Thread 0x000001d5238fc000 Exception <a 'java/lang/NoSuchMethodError'{0x00000000eb0bad18}: 'int java.lang.invoke.DirectMethodHandle$Holder.invokeStaticInit(java.lang.Object, java.lang.Object, java.lang.Object)'> (0x00000000eb0bad18) 
thrown [s\src\hotspot\share\interpreter\linkResolver.cpp, line 759]
Event: 15.892 Thread 0x000001d5238fc000 Exception <a 'java/lang/IncompatibleClassChangeError'{0x00000000eb13e000}: Found class java.lang.Object, but interface was expected> (0x00000000eb13e000) 
thrown [s\src\hotspot\share\interpreter\linkResolver.cpp, line 826]
Event: 15.981 Thread 0x000001d5238fc000 Exception <a 'java/lang/NoSuchMethodError'{0x00000000eb159460}: 'java.lang.Object java.lang.invoke.DirectMethodHandle$Holder.invokeSpecial(java.lang.Object, java.lang.Object, java.lang.Object, int, java.lang.Object, java.lang.Object)'> (0x00000000eb159460) 
thrown [s\src\hotspot\share\interpreter\linkResolver.cpp, line 759]
Event: 15.990 Thread 0x000001d5238fc000 Exception <a 'java/lang/NoSuchMethodError'{0x00000000eb161be8}: 'java.lang.Object java.lang.invoke.DirectMethodHandle$Holder.newInvokeSpecial(java.lang.Object, java.lang.Object, java.lang.Object, int, java.lang.Object)'> (0x00000000eb161be8) 
thrown [s\src\hotspot\share\interpreter\linkResolver.cpp, line 759]
Event: 15.991 Thread 0x000001d5238fc000 Exception <a 'java/lang/NoSuchMethodError'{0x00000000eb166040}: 'java.lang.Object java.lang.invoke.DirectMethodHandle$Holder.invokeSpecial(java.lang.Object, java.lang.Object, java.lang.Object, java.lang.Object, int, java.lang.Object)'> (0x00000000eb166040) 
thrown [s\src\hotspot\share\interpreter\linkResolver.cpp, line 759]
Event: 15.993 Thread 0x000001d523ec64a0 Exception <a 'java/lang/NoSuchMethodError'{0x00000000eb17b438}: 'java.lang.Object java.lang.invoke.DirectMethodHandle$Holder.invokeSpecial(java.lang.Object, java.lang.Object, int, java.lang.Object, java.lang.Object)'> (0x00000000eb17b438) 
thrown [s\src\hotspot\share\interpreter\linkResolver.cpp, line 759]
Event: 15.994 Thread 0x000001d523ec64a0 Exception <a 'java/lang/NoSuchMethodError'{0x00000000eb182b08}: 'java.lang.Object java.lang.invoke.DirectMethodHandle$Holder.newInvokeSpecial(java.lang.Object, java.lang.Object, int, java.lang.Object)'> (0x00000000eb182b08) 
thrown [s\src\hotspot\share\interpreter\linkResolver.cpp, line 759]
Event: 15.995 Thread 0x000001d523ec64a0 Exception <a 'java/lang/NoSuchMethodError'{0x00000000eb186618}: 'java.lang.Object java.lang.invoke.DirectMethodHandle$Holder.invokeSpecial(java.lang.Object, java.lang.Object, java.lang.Object, int, java.lang.Object)'> (0x00000000eb186618) 
thrown [s\src\hotspot\share\interpreter\linkResolver.cpp, line 759]
Event: 17.820 Thread 0x000001d5238fc000 Implicit null exception at 0x000001d513b8db49 to 0x000001d513b8dc1c

VM Operations (20 events):
Event: 11.939 Executing VM operation: ParallelGCFailedAllocation
Event: 11.947 Executing VM operation: ParallelGCFailedAllocation done
Event: 12.958 Executing VM operation: Cleanup
Event: 12.958 Executing VM operation: Cleanup done
Event: 13.541 Executing VM operation: HandshakeAllThreads
Event: 13.541 Executing VM operation: HandshakeAllThreads done
Event: 14.319 Executing VM operation: HandshakeAllThreads
Event: 14.319 Executing VM operation: HandshakeAllThreads done
Event: 14.319 Executing VM operation: Cleanup
Event: 14.319 Executing VM operation: Cleanup done
Event: 14.990 Executing VM operation: ParallelGCFailedAllocation
Event: 14.997 Executing VM operation: ParallelGCFailedAllocation done
Event: 16.063 Executing VM operation: HandshakeAllThreads
Event: 16.063 Executing VM operation: HandshakeAllThreads done
Event: 16.063 Executing VM operation: Cleanup
Event: 16.063 Executing VM operation: Cleanup done
Event: 16.068 Executing VM operation: CollectForMetadataAllocation
Event: 16.108 Executing VM operation: CollectForMetadataAllocation done
Event: 17.510 Executing VM operation: ParallelGCFailedAllocation
Event: 17.511 Executing VM operation: ParallelGCFailedAllocation done

Events (20 events):
Event: 16.442 loading class java/io/StringReader
Event: 16.444 loading class java/io/StringReader done
Event: 16.460 loading class java/util/zip/GZIPInputStream
Event: 16.461 loading class java/util/zip/GZIPInputStream done
Event: 16.477 loading class java/net/SocketTimeoutException
Event: 16.477 loading class java/io/InterruptedIOException
Event: 16.477 loading class java/io/InterruptedIOException done
Event: 16.477 loading class java/net/SocketTimeoutException done
Event: 16.477 loading class java/net/SocketException
Event: 16.477 loading class java/net/SocketException done
Event: 16.477 loading class java/net/UnknownHostException
Event: 16.477 loading class java/net/UnknownHostException done
Event: 16.478 loading class java/net/ProtocolException
Event: 16.478 loading class java/net/ProtocolException done
Event: 16.606 loading class java/lang/ThreadLocal$SuppliedThreadLocal
Event: 16.606 loading class java/lang/ThreadLocal$SuppliedThreadLocal done
Event: 17.252 loading class java/io/FileWriter
Event: 17.252 loading class java/io/FileWriter done
Event: 17.258 loading class java/lang/NegativeArraySizeException
Event: 17.258 loading class java/lang/NegativeArraySizeException done


Dynamic libraries:
0x00007ff780110000 - 0x00007ff78011e000 	c:\Users\Thinkpad\.vscode\extensions\redhat.java-1.30.0-win32-x64\jre\17.0.10-win32-x86_64\bin\java.exe
0x00007ffe66870000 - 0x00007ffe66a87000 	C:\WINDOWS\SYSTEM32\ntdll.dll
0x00007ffe64eb0000 - 0x00007ffe64f74000 	C:\WINDOWS\System32\KERNEL32.DLL
0x00007ffe63c50000 - 0x00007ffe63ff7000 	C:\WINDOWS\System32\KERNELBASE.dll
0x00007ffe64000000 - 0x00007ffe64111000 	C:\WINDOWS\System32\ucrtbase.dll
0x00007ffe44b30000 - 0x00007ffe44b4b000 	c:\Users\Thinkpad\.vscode\extensions\redhat.java-1.30.0-win32-x64\jre\17.0.10-win32-x86_64\bin\VCRUNTIME140.dll
0x00007ffe42b50000 - 0x00007ffe42b67000 	c:\Users\Thinkpad\.vscode\extensions\redhat.java-1.30.0-win32-x64\jre\17.0.10-win32-x86_64\bin\jli.dll
0x00007ffe652f0000 - 0x00007ffe6549e000 	C:\WINDOWS\System32\USER32.dll
0x00007ffe64570000 - 0x00007ffe64596000 	C:\WINDOWS\System32\win32u.dll
0x00007ffe66800000 - 0x00007ffe66829000 	C:\WINDOWS\System32\GDI32.dll
0x00007ffe64340000 - 0x00007ffe64459000 	C:\WINDOWS\System32\gdi32full.dll
0x00007ffe64460000 - 0x00007ffe644fa000 	C:\WINDOWS\System32\msvcp_win.dll
0x00007ffe524c0000 - 0x00007ffe52753000 	C:\WINDOWS\WinSxS\amd64_microsoft.windows.common-controls_6595b64144ccf1df_6.0.22621.3527_none_270e469b73872a76\COMCTL32.dll
0x00007ffe65920000 - 0x00007ffe659c7000 	C:\WINDOWS\System32\msvcrt.dll
0x00007ffe647c0000 - 0x00007ffe647f1000 	C:\WINDOWS\System32\IMM32.DLL
0x00007ffe5d870000 - 0x00007ffe5d87c000 	c:\Users\Thinkpad\.vscode\extensions\redhat.java-1.30.0-win32-x64\jre\17.0.10-win32-x86_64\bin\vcruntime140_1.dll
0x00007ffe10d20000 - 0x00007ffe10dad000 	c:\Users\Thinkpad\.vscode\extensions\redhat.java-1.30.0-win32-x64\jre\17.0.10-win32-x86_64\bin\msvcp140.dll
0x00007ffdfc2b0000 - 0x00007ffdfcf12000 	c:\Users\Thinkpad\.vscode\extensions\redhat.java-1.30.0-win32-x64\jre\17.0.10-win32-x86_64\bin\server\jvm.dll
0x00007ffe64800000 - 0x00007ffe648b2000 	C:\WINDOWS\System32\ADVAPI32.dll
0x00007ffe64710000 - 0x00007ffe647b8000 	C:\WINDOWS\System32\sechost.dll
0x00007ffe64120000 - 0x00007ffe64148000 	C:\WINDOWS\System32\bcrypt.dll
0x00007ffe648c0000 - 0x00007ffe649d5000 	C:\WINDOWS\System32\RPCRT4.dll
0x00007ffe44ac0000 - 0x00007ffe44ac9000 	C:\WINDOWS\SYSTEM32\WSOCK32.dll
0x00007ffe62a10000 - 0x00007ffe62a5d000 	C:\WINDOWS\SYSTEM32\POWRPROF.dll
0x00007ffe5bb60000 - 0x00007ffe5bb94000 	C:\WINDOWS\SYSTEM32\WINMM.dll
0x00007ffe649e0000 - 0x00007ffe64a51000 	C:\WINDOWS\System32\WS2_32.dll
0x00007ffe5bdf0000 - 0x00007ffe5bdfa000 	C:\WINDOWS\SYSTEM32\VERSION.dll
0x00007ffe629f0000 - 0x00007ffe62a03000 	C:\WINDOWS\SYSTEM32\UMPDC.dll
0x00007ffe62ca0000 - 0x00007ffe62cb8000 	C:\WINDOWS\SYSTEM32\kernel.appcore.dll
0x00007ffe5a210000 - 0x00007ffe5a21a000 	c:\Users\Thinkpad\.vscode\extensions\redhat.java-1.30.0-win32-x64\jre\17.0.10-win32-x86_64\bin\jimage.dll
0x00007ffe61560000 - 0x00007ffe61792000 	C:\WINDOWS\SYSTEM32\DBGHELP.DLL
0x00007ffe659f0000 - 0x00007ffe65d78000 	C:\WINDOWS\System32\combase.dll
0x00007ffe64bf0000 - 0x00007ffe64cc7000 	C:\WINDOWS\System32\OLEAUT32.dll
0x00007ffe47fc0000 - 0x00007ffe47ff2000 	C:\WINDOWS\SYSTEM32\dbgcore.DLL
0x00007ffe64150000 - 0x00007ffe641c9000 	C:\WINDOWS\System32\bcryptPrimitives.dll
0x00007ffe5a1f0000 - 0x00007ffe5a1fe000 	c:\Users\Thinkpad\.vscode\extensions\redhat.java-1.30.0-win32-x64\jre\17.0.10-win32-x86_64\bin\instrument.dll
0x00007ffe38090000 - 0x00007ffe380b5000 	c:\Users\Thinkpad\.vscode\extensions\redhat.java-1.30.0-win32-x64\jre\17.0.10-win32-x86_64\bin\java.dll
0x00007ffe427a0000 - 0x00007ffe427b8000 	c:\Users\Thinkpad\.vscode\extensions\redhat.java-1.30.0-win32-x64\jre\17.0.10-win32-x86_64\bin\zip.dll
0x00007ffe65d80000 - 0x00007ffe665dc000 	C:\WINDOWS\System32\SHELL32.dll
0x00007ffe61ae0000 - 0x00007ffe623d6000 	C:\WINDOWS\SYSTEM32\windows.storage.dll
0x00007ffe619a0000 - 0x00007ffe61ade000 	C:\WINDOWS\SYSTEM32\wintypes.dll
0x00007ffe64f80000 - 0x00007ffe65075000 	C:\WINDOWS\System32\SHCORE.dll
0x00007ffe65080000 - 0x00007ffe650de000 	C:\WINDOWS\System32\shlwapi.dll
0x00007ffe63ac0000 - 0x00007ffe63ae1000 	C:\WINDOWS\SYSTEM32\profapi.dll
0x00007ffe3a1b0000 - 0x00007ffe3a1c9000 	C:\Users\Thinkpad\.vscode\extensions\redhat.java-1.30.0-win32-x64\jre\17.0.10-win32-x86_64\bin\net.dll
0x00007ffe60670000 - 0x00007ffe607a6000 	C:\WINDOWS\SYSTEM32\WINHTTP.dll
0x00007ffe63110000 - 0x00007ffe63179000 	C:\WINDOWS\system32\mswsock.dll
0x00007ffe38070000 - 0x00007ffe38086000 	C:\Users\Thinkpad\.vscode\extensions\redhat.java-1.30.0-win32-x64\jre\17.0.10-win32-x86_64\bin\nio.dll
0x00007ffe59d00000 - 0x00007ffe59d10000 	c:\Users\Thinkpad\.vscode\extensions\redhat.java-1.30.0-win32-x64\jre\17.0.10-win32-x86_64\bin\verify.dll
0x00007ffe36fd0000 - 0x00007ffe3700e000 	C:\Users\Thinkpad\AppData\Roaming\Code\User\globalStorage\redhat.java\1.30.0\config_ss_win\org.eclipse.equinox.launcher\org.eclipse.equinox.launcher.win32.win32.x86_64_1.2.900.v20240213-1244\eclipse_11900.dll
0x00007ffe65140000 - 0x00007ffe652e5000 	C:\WINDOWS\System32\ole32.dll

dbghelp: loaded successfully - version: 4.0.5 - missing functions: none
symbol engine: initialized successfully - sym options: 0x614 - pdb path: .;c:\Users\Thinkpad\.vscode\extensions\redhat.java-1.30.0-win32-x64\jre\17.0.10-win32-x86_64\bin;C:\WINDOWS\SYSTEM32;C:\WINDOWS\WinSxS\amd64_microsoft.windows.common-controls_6595b64144ccf1df_6.0.22621.3527_none_270e469b73872a76;c:\Users\Thinkpad\.vscode\extensions\redhat.java-1.30.0-win32-x64\jre\17.0.10-win32-x86_64\bin\server;C:\Users\Thinkpad\AppData\Roaming\Code\User\globalStorage\redhat.java\1.30.0\config_ss_win\org.eclipse.equinox.launcher\org.eclipse.equinox.launcher.win32.win32.x86_64_1.2.900.v20240213-1244

VM Arguments:
jvm_args: --add-modules=ALL-SYSTEM --add-opens=java.base/java.util=ALL-UNNAMED --add-opens=java.base/java.lang=ALL-UNNAMED --add-opens=java.base/sun.nio.fs=ALL-UNNAMED -Declipse.application=org.eclipse.jdt.ls.core.id1 -Dosgi.bundles.defaultStartLevel=4 -Declipse.product=org.eclipse.jdt.ls.core.product -Djava.import.generatesMetadataFilesAtProjectRoot=false -DDetectVMInstallationsJob.disabled=true -Dfile.encoding=utf8 -XX:+UseParallelGC -XX:GCTimeRatio=4 -XX:AdaptiveSizePolicyWeight=90 -Dsun.zip.disableMemoryMapping=true -Xmx1G -Xms100m -Xlog:disable -javaagent:c:\Users\Thinkpad\.vscode\extensions\redhat.java-1.30.0-win32-x64\lombok\lombok-1.18.32.jar 
java_command: c:\Users\Thinkpad\.vscode\extensions\redhat.java-1.30.0-win32-x64\server\plugins\org.eclipse.equinox.launcher_1.6.800.v20240330-1250.jar -configuration c:\Users\Thinkpad\AppData\Roaming\Code\User\globalStorage\redhat.java\1.30.0\config_ss_win -data c:\Users\Thinkpad\AppData\Roaming\Code\User\workspaceStorage\8391a54b911138c514773b4ce524f3e5\redhat.java\ss_ws --pipe=\\.\pipe\lsp-5c7ae7b7f897a17c0160c88270446f55-sock
java_class_path (initial): c:\Users\Thinkpad\.vscode\extensions\redhat.java-1.30.0-win32-x64\server\plugins\org.eclipse.equinox.launcher_1.6.800.v20240330-1250.jar
Launcher Type: SUN_STANDARD

[Global flags]
    uintx AdaptiveSizePolicyWeight                 = 90                                        {product} {command line}
     intx CICompilerCount                          = 4                                         {product} {ergonomic}
    uintx GCTimeRatio                              = 4                                         {product} {command line}
   size_t InitialHeapSize                          = 104857600                                 {product} {command line}
   size_t MaxHeapSize                              = 1073741824                                {product} {command line}
   size_t MaxNewSize                               = 357564416                                 {product} {ergonomic}
   size_t MinHeapDeltaBytes                        = 524288                                    {product} {ergonomic}
   size_t MinHeapSize                              = 104857600                                 {product} {command line}
   size_t NewSize                                  = 34603008                                  {product} {ergonomic}
    uintx NonNMethodCodeHeapSize                   = 5839372                                {pd product} {ergonomic}
    uintx NonProfiledCodeHeapSize                  = 122909434                              {pd product} {ergonomic}
   size_t OldSize                                  = 70254592                                  {product} {ergonomic}
    uintx ProfiledCodeHeapSize                     = 122909434                              {pd product} {ergonomic}
    uintx ReservedCodeCacheSize                    = 251658240                              {pd product} {ergonomic}
     bool SegmentedCodeCache                       = true                                      {product} {ergonomic}
   size_t SoftMaxHeapSize                          = 1073741824                             {manageable} {ergonomic}
     bool UseCompressedClassPointers               = true                           {product lp64_product} {ergonomic}
     bool UseCompressedOops                        = true                           {product lp64_product} {ergonomic}
     bool UseLargePagesIndividualAllocation        = false                                  {pd product} {ergonomic}
     bool UseParallelGC                            = true                                      {product} {command line}

Logging:
Log output configuration:
 #0: stdout all=off uptime,level,tags
 #1: stderr all=off uptime,level,tags

Environment Variables:
PATH=C:\Program Files (x86)\VMware\VMware Workstation\bin\;C:\Program Files\Common Files\Oracle\Java\javapath;C:\WINDOWS\system32;C:\WINDOWS;C:\WINDOWS\System32\Wbem;C:\WINDOWS\System32\WindowsPowerShell\v1.0\;C:\WINDOWS\System32\OpenSSH\;C:\Program Files\Intel\WiFi\bin\;C:\Program Files\Common Files\Intel\WirelessCommon\;C:\Program Files\nodejs\;C:\Program Files\Git\cmd;C:\Program Files\Cloudflare\Cloudflare WARP\;C:\Program Files\MongoDB\Server\7.0\bin;C:\Users\Thinkpad\AppData\Local\Microsoft\WindowsApps;C:\Users\Thinkpad\AppData\Local\Programs\Microsoft VS Code\bin;C:\Program Files\JetBrains\IntelliJ IDEA 2023.2.2\bin;;C:\Users\Thinkpad\AppData\Roaming\npm;C:\Users\Thinkpad\AppData\Local\GitHubDesktop\bin;C:\Program Files\Tesseract-OCR;C:\Program Files\CMake;
USERNAME=Thinkpad
OS=Windows_NT
PROCESSOR_IDENTIFIER=Intel64 Family 6 Model 142 Stepping 10, GenuineIntel
TMP=C:\Users\Thinkpad\AppData\Local\Temp
TEMP=C:\Users\Thinkpad\AppData\Local\Temp



Periodic native trim disabled


---------------  S Y S T E M  ---------------

OS:
 Windows 11 , 64 bit Build 22621 (10.0.22621.3527)
OS uptime: 2 days 13:11 hours

CPU: total 8 (initial active 8) (4 cores per cpu, 2 threads per core) family 6 model 142 stepping 10 microcode 0xe0, cx8, cmov, fxsr, ht, mmx, 3dnowpref, sse, sse2, sse3, ssse3, sse4.1, sse4.2, popcnt, lzcnt, tsc, tscinvbit, avx, avx2, aes, erms, clmul, bmi1, bmi2, rtm, adx, fma, vzeroupper, clflush, clflushopt
Processor Information for all 8 processors :
  Max Mhz: 2112, Current Mhz: 1910, Mhz Limit: 1900

Memory: 4k page, system-wide physical 16217M (237M free)
TotalPageFile size 34642M (AvailPageFile size 2M)
current process WorkingSet (physical memory assigned to process): 120M, peak: 120M
current process commit charge ("private bytes"): 228M, peak: 229M

vm_info: OpenJDK 64-Bit Server VM (17.0.10+7) for windows-amd64 JRE (17.0.10+7), built on Jan 16 2024 23:25:11 by "admin" with MS VC++ 16.10 / 16.11 (VS2019)

END.
